[2024-01-31T21:52:33.279+0000] {taskinstance.py:1956} INFO - Dependencies all met for dep_context=non-requeueable deps ti=<TaskInstance: big_query_dashboard_final.create_new_cluster_table_wine manual__2024-01-31T21:51:55.268165+00:00 [queued]>
[2024-01-31T21:52:33.304+0000] {taskinstance.py:1956} INFO - Dependencies all met for dep_context=requeueable deps ti=<TaskInstance: big_query_dashboard_final.create_new_cluster_table_wine manual__2024-01-31T21:51:55.268165+00:00 [queued]>
[2024-01-31T21:52:33.308+0000] {taskinstance.py:2170} INFO - Starting attempt 1 of 1
[2024-01-31T21:52:33.339+0000] {taskinstance.py:2191} INFO - Executing <Task(BigQueryExecuteQueryOperator): create_new_cluster_table_wine> on 2024-01-31 21:51:55.268165+00:00
[2024-01-31T21:52:33.354+0000] {standard_task_runner.py:60} INFO - Started process 1159 to run task
[2024-01-31T21:52:33.359+0000] {standard_task_runner.py:87} INFO - Running: ['***', 'tasks', 'run', 'big_query_dashboard_final', 'create_new_cluster_table_wine', 'manual__2024-01-31T21:51:55.268165+00:00', '--job-id', '596', '--raw', '--subdir', 'DAGS_FOLDER/Main_DAGS.py', '--cfg-path', '/tmp/tmpiaj6jwyz']
[2024-01-31T21:52:33.366+0000] {standard_task_runner.py:88} INFO - Job 596: Subtask create_new_cluster_table_wine
[2024-01-31T21:52:33.397+0000] {logging_mixin.py:188} WARNING - /home/***/.local/lib/python3.8/site-packages/***/settings.py:194 DeprecationWarning: The sql_alchemy_conn option in [core] has been moved to the sql_alchemy_conn option in [database] - the old setting has been used, but please update your config.
[2024-01-31T21:52:33.472+0000] {task_command.py:423} INFO - Running <TaskInstance: big_query_dashboard_final.create_new_cluster_table_wine manual__2024-01-31T21:51:55.268165+00:00 [running]> on host e7e4b550b444
[2024-01-31T21:52:33.622+0000] {taskinstance.py:2480} INFO - Exporting env vars: AIRFLOW_CTX_DAG_OWNER='***' AIRFLOW_CTX_DAG_ID='big_query_dashboard_final' AIRFLOW_CTX_TASK_ID='create_new_cluster_table_wine' AIRFLOW_CTX_EXECUTION_DATE='2024-01-31T21:51:55.268165+00:00' AIRFLOW_CTX_TRY_NUMBER='1' AIRFLOW_CTX_DAG_RUN_ID='manual__2024-01-31T21:51:55.268165+00:00'
[2024-01-31T21:52:33.627+0000] {bigquery.py:1245} INFO - Executing: 
                CREATE TABLE IF NOT EXISTS `wine-de-dashboard.dashboard_dataset.wines_table_clustered` (
                    ABV FLOAT64 NOT NULL,
                    Acidity STRING NOT NULL,
                    Body STRING NOT NULL,
                    Country STRING NOT NULL,
                    Elaborate STRING NOT NULL,
                    Type STRING NOT NULL,
                    wine_url STRING, 
                    Vintages STRING,
                    WineID INT64 NOT NULL,
                    WineName STRING NOT NULL,
                    Avg_Rating FLOAT64 NOT NULL)
                    CLUSTER BY Type, Country;
                
[2024-01-31T21:52:33.630+0000] {crypto.py:82} WARNING - empty cryptography key - values will not be stored encrypted.
[2024-01-31T21:52:33.631+0000] {connection.py:234} WARNING - Connection schemes (type: google_cloud_platform) shall not contain '_' according to RFC3986.
[2024-01-31T21:52:33.632+0000] {base.py:83} INFO - Using connection ID 'google_cloud_default' for task execution.
[2024-01-31T21:52:33.635+0000] {logging_mixin.py:188} WARNING - /home/***/.local/lib/python3.8/site-packages/***/providers/google/cloud/hooks/bigquery.py:2109 AirflowProviderDeprecationWarning: This method is deprecated. Please use `BigQueryHook.insert_job` method.
[2024-01-31T21:52:33.778+0000] {bigquery.py:1596} INFO - Inserting job ***_1706737953776556_77f554b6603fa287109a56210c728c11
[2024-01-31T21:52:35.092+0000] {taskinstance.py:1138} INFO - Marking task as SUCCESS. dag_id=big_query_dashboard_final, task_id=create_new_cluster_table_wine, execution_date=20240131T215155, start_date=20240131T215233, end_date=20240131T215235
[2024-01-31T21:52:35.158+0000] {local_task_job_runner.py:234} INFO - Task exited with return code 0
[2024-01-31T21:52:35.212+0000] {taskinstance.py:3280} INFO - 1 downstream tasks scheduled from follow-on schedule check
