[2024-01-31T21:51:40.648+0000] {taskinstance.py:1956} INFO - Dependencies all met for dep_context=non-requeueable deps ti=<TaskInstance: cleaning_data_final.create_region_db manual__2024-01-31T21:51:11.596653+00:00 [queued]>
[2024-01-31T21:51:40.662+0000] {taskinstance.py:1956} INFO - Dependencies all met for dep_context=requeueable deps ti=<TaskInstance: cleaning_data_final.create_region_db manual__2024-01-31T21:51:11.596653+00:00 [queued]>
[2024-01-31T21:51:40.663+0000] {taskinstance.py:2170} INFO - Starting attempt 1 of 1
[2024-01-31T21:51:40.685+0000] {taskinstance.py:2191} INFO - Executing <Task(PythonOperator): create_region_db> on 2024-01-31 21:51:11.596653+00:00
[2024-01-31T21:51:40.695+0000] {standard_task_runner.py:60} INFO - Started process 1029 to run task
[2024-01-31T21:51:40.699+0000] {standard_task_runner.py:87} INFO - Running: ['***', 'tasks', 'run', 'cleaning_data_final', 'create_region_db', 'manual__2024-01-31T21:51:11.596653+00:00', '--job-id', '577', '--raw', '--subdir', 'DAGS_FOLDER/Main_DAGS.py', '--cfg-path', '/tmp/tmpy54z25s1']
[2024-01-31T21:51:40.704+0000] {standard_task_runner.py:88} INFO - Job 577: Subtask create_region_db
[2024-01-31T21:51:40.727+0000] {logging_mixin.py:188} WARNING - /home/***/.local/lib/python3.8/site-packages/***/settings.py:194 DeprecationWarning: The sql_alchemy_conn option in [core] has been moved to the sql_alchemy_conn option in [database] - the old setting has been used, but please update your config.
[2024-01-31T21:51:40.779+0000] {task_command.py:423} INFO - Running <TaskInstance: cleaning_data_final.create_region_db manual__2024-01-31T21:51:11.596653+00:00 [running]> on host e7e4b550b444
[2024-01-31T21:51:40.899+0000] {taskinstance.py:2480} INFO - Exporting env vars: AIRFLOW_CTX_DAG_OWNER='***' AIRFLOW_CTX_DAG_ID='cleaning_data_final' AIRFLOW_CTX_TASK_ID='create_region_db' AIRFLOW_CTX_EXECUTION_DATE='2024-01-31T21:51:11.596653+00:00' AIRFLOW_CTX_TRY_NUMBER='1' AIRFLOW_CTX_DAG_RUN_ID='manual__2024-01-31T21:51:11.596653+00:00'
[2024-01-31T21:51:41.002+0000] {python.py:201} INFO - Done. Returned value was:       RegionID         RegionName
0         1001       Serra Gaúcha
6         1038         Alentejano
7         1034        Vinho Verde
8         1031              Porto
13        1002  Vale dos Vinhedos
...        ...                ...
996       2238          Neuchâtel
998       2219          Bielersee
999       2486      Martinborough
1003      2079   Mittelburgenland
1004      2086      Südsteiermark

[324 rows x 2 columns]
[2024-01-31T21:51:41.053+0000] {taskinstance.py:1138} INFO - Marking task as SUCCESS. dag_id=cleaning_data_final, task_id=create_region_db, execution_date=20240131T215111, start_date=20240131T215140, end_date=20240131T215141
[2024-01-31T21:51:41.084+0000] {local_task_job_runner.py:234} INFO - Task exited with return code 0
[2024-01-31T21:51:41.128+0000] {taskinstance.py:3280} INFO - 1 downstream tasks scheduled from follow-on schedule check
