[2024-01-31T20:11:07.449+0000] {taskinstance.py:1956} INFO - Dependencies all met for dep_context=non-requeueable deps ti=<TaskInstance: cleaning_data_final.create_wines_db manual__2024-01-31T20:10:21.949333+00:00 [queued]>
[2024-01-31T20:11:07.462+0000] {taskinstance.py:1956} INFO - Dependencies all met for dep_context=requeueable deps ti=<TaskInstance: cleaning_data_final.create_wines_db manual__2024-01-31T20:10:21.949333+00:00 [queued]>
[2024-01-31T20:11:07.463+0000] {taskinstance.py:2170} INFO - Starting attempt 1 of 1
[2024-01-31T20:11:07.494+0000] {taskinstance.py:2191} INFO - Executing <Task(PythonOperator): create_wines_db> on 2024-01-31 20:10:21.949333+00:00
[2024-01-31T20:11:07.505+0000] {standard_task_runner.py:60} INFO - Started process 830 to run task
[2024-01-31T20:11:07.510+0000] {standard_task_runner.py:87} INFO - Running: ['***', 'tasks', 'run', 'cleaning_data_final', 'create_wines_db', 'manual__2024-01-31T20:10:21.949333+00:00', '--job-id', '459', '--raw', '--subdir', 'DAGS_FOLDER/Main_DAGS.py', '--cfg-path', '/tmp/tmpnb5orbz8']
[2024-01-31T20:11:07.514+0000] {standard_task_runner.py:88} INFO - Job 459: Subtask create_wines_db
[2024-01-31T20:11:07.537+0000] {logging_mixin.py:188} WARNING - /home/***/.local/lib/python3.8/site-packages/***/settings.py:194 DeprecationWarning: The sql_alchemy_conn option in [core] has been moved to the sql_alchemy_conn option in [database] - the old setting has been used, but please update your config.
[2024-01-31T20:11:07.588+0000] {task_command.py:423} INFO - Running <TaskInstance: cleaning_data_final.create_wines_db manual__2024-01-31T20:10:21.949333+00:00 [running]> on host e7e4b550b444
[2024-01-31T20:11:07.702+0000] {taskinstance.py:2480} INFO - Exporting env vars: AIRFLOW_CTX_DAG_OWNER='***' AIRFLOW_CTX_DAG_ID='cleaning_data_final' AIRFLOW_CTX_TASK_ID='create_wines_db' AIRFLOW_CTX_EXECUTION_DATE='2024-01-31T20:10:21.949333+00:00' AIRFLOW_CTX_TRY_NUMBER='1' AIRFLOW_CTX_DAG_RUN_ID='manual__2024-01-31T20:10:21.949333+00:00'
[2024-01-31T20:11:07.809+0000] {python.py:201} INFO - Done. Returned value was:       ABV Acidity  ...                                    WineName Avg_Rating
0     7.5    High  ...                          Espumante Moscatel       3.88
1    12.0  Medium  ...                                  Ancellotta       3.25
2    12.0    High  ...                          Cabernet Sauvignon       3.11
3    11.0  Medium  ...             Maison de Ville Cabernet-Merlot       2.70
4     7.5    High  ...                Do Lugar Moscatel Espumantes       3.63
..    ...     ...  ...                                         ...        ...
990  13.5    High  ...                               Petite Arvine       3.83
991  14.0    High  ...                         St. Laurent Reserve       4.00
992  12.2    High  ...                     Mariengarten Chardonnay       3.17
993  12.2    High  ...  Grüner Veltliner Federspiel Ried Kreuzberg       3.67
994  13.0  Medium  ...                            Drama Queen Rosé       4.00

[995 rows x 11 columns]
[2024-01-31T20:11:07.884+0000] {taskinstance.py:1138} INFO - Marking task as SUCCESS. dag_id=cleaning_data_final, task_id=create_wines_db, execution_date=20240131T201021, start_date=20240131T201107, end_date=20240131T201107
[2024-01-31T20:11:07.929+0000] {local_task_job_runner.py:234} INFO - Task exited with return code 0
[2024-01-31T20:11:07.974+0000] {taskinstance.py:3280} INFO - 1 downstream tasks scheduled from follow-on schedule check
