[2024-01-31T20:12:03.520+0000] {taskinstance.py:1956} INFO - Dependencies all met for dep_context=non-requeueable deps ti=<TaskInstance: big_query_dashboard_final.create_new_cluster_table_wine manual__2024-01-31T20:11:13.868274+00:00 [queued]>
[2024-01-31T20:12:03.541+0000] {taskinstance.py:1956} INFO - Dependencies all met for dep_context=requeueable deps ti=<TaskInstance: big_query_dashboard_final.create_new_cluster_table_wine manual__2024-01-31T20:11:13.868274+00:00 [queued]>
[2024-01-31T20:12:03.545+0000] {taskinstance.py:2170} INFO - Starting attempt 1 of 1
[2024-01-31T20:12:03.581+0000] {taskinstance.py:2191} INFO - Executing <Task(BigQueryExecuteQueryOperator): create_new_cluster_table_wine> on 2024-01-31 20:11:13.868274+00:00
[2024-01-31T20:12:03.595+0000] {standard_task_runner.py:60} INFO - Started process 943 to run task
[2024-01-31T20:12:03.601+0000] {standard_task_runner.py:87} INFO - Running: ['***', 'tasks', 'run', 'big_query_dashboard_final', 'create_new_cluster_table_wine', 'manual__2024-01-31T20:11:13.868274+00:00', '--job-id', '476', '--raw', '--subdir', 'DAGS_FOLDER/Main_DAGS.py', '--cfg-path', '/tmp/tmpj3xzqs4h']
[2024-01-31T20:12:03.605+0000] {standard_task_runner.py:88} INFO - Job 476: Subtask create_new_cluster_table_wine
[2024-01-31T20:12:03.631+0000] {logging_mixin.py:188} WARNING - /home/***/.local/lib/python3.8/site-packages/***/settings.py:194 DeprecationWarning: The sql_alchemy_conn option in [core] has been moved to the sql_alchemy_conn option in [database] - the old setting has been used, but please update your config.
[2024-01-31T20:12:03.689+0000] {task_command.py:423} INFO - Running <TaskInstance: big_query_dashboard_final.create_new_cluster_table_wine manual__2024-01-31T20:11:13.868274+00:00 [running]> on host e7e4b550b444
[2024-01-31T20:12:03.819+0000] {taskinstance.py:2480} INFO - Exporting env vars: AIRFLOW_CTX_DAG_OWNER='***' AIRFLOW_CTX_DAG_ID='big_query_dashboard_final' AIRFLOW_CTX_TASK_ID='create_new_cluster_table_wine' AIRFLOW_CTX_EXECUTION_DATE='2024-01-31T20:11:13.868274+00:00' AIRFLOW_CTX_TRY_NUMBER='1' AIRFLOW_CTX_DAG_RUN_ID='manual__2024-01-31T20:11:13.868274+00:00'
[2024-01-31T20:12:03.823+0000] {bigquery.py:1245} INFO - Executing: 
                CREATE TABLE IF NOT EXISTS `wine-de-dashboard.dashboard_dataset.wines_table_clustered` (
                    ABV FLOAT64 NOT NULL,
                    Acidity STRING NOT NULL,
                    Body STRING NOT NULL,
                    Country STRING NOT NULL,
                    Elaborate STRING NOT NULL,
                    Type STRING NOT NULL,
                    wine_url STRING, 
                    Vintages STRING,
                    WineID INT64 NOT NULL,
                    WineName STRING NOT NULL,
                    Avg_Rating FLOAT64 NOT NULL)
                    CLUSTER BY Type, Country;
                
[2024-01-31T20:12:03.828+0000] {crypto.py:82} WARNING - empty cryptography key - values will not be stored encrypted.
[2024-01-31T20:12:03.830+0000] {connection.py:234} WARNING - Connection schemes (type: google_cloud_platform) shall not contain '_' according to RFC3986.
[2024-01-31T20:12:03.832+0000] {base.py:83} INFO - Using connection ID 'google_cloud_default' for task execution.
[2024-01-31T20:12:03.833+0000] {logging_mixin.py:188} WARNING - /home/***/.local/lib/python3.8/site-packages/***/providers/google/cloud/hooks/bigquery.py:2109 AirflowProviderDeprecationWarning: This method is deprecated. Please use `BigQueryHook.insert_job` method.
[2024-01-31T20:12:03.951+0000] {bigquery.py:1596} INFO - Inserting job ***_1706731923950380_77f554b6603fa287109a56210c728c11
[2024-01-31T20:12:05.289+0000] {taskinstance.py:1138} INFO - Marking task as SUCCESS. dag_id=big_query_dashboard_final, task_id=create_new_cluster_table_wine, execution_date=20240131T201113, start_date=20240131T201203, end_date=20240131T201205
[2024-01-31T20:12:05.357+0000] {local_task_job_runner.py:234} INFO - Task exited with return code 0
[2024-01-31T20:12:05.407+0000] {taskinstance.py:3280} INFO - 1 downstream tasks scheduled from follow-on schedule check
