[2024-01-31T20:02:01.580+0000] {processor.py:161} INFO - Started process (PID=185) to work on /opt/airflow/dags/gbc_wines.py
[2024-01-31T20:02:01.586+0000] {processor.py:830} INFO - Processing file /opt/airflow/dags/gbc_wines.py for tasks to queue
[2024-01-31T20:02:01.594+0000] {logging_mixin.py:188} INFO - [2024-01-31T20:02:01.593+0000] {dagbag.py:538} INFO - Filling up the DagBag from /opt/airflow/dags/gbc_wines.py
[2024-01-31T20:02:01.691+0000] {processor.py:840} INFO - DAG(s) 'a_wine_data_bigquery2' retrieved from /opt/airflow/dags/gbc_wines.py
[2024-01-31T20:02:02.318+0000] {logging_mixin.py:188} INFO - [2024-01-31T20:02:02.317+0000] {dag.py:3036} INFO - Sync 1 DAGs
[2024-01-31T20:02:02.364+0000] {logging_mixin.py:188} INFO - [2024-01-31T20:02:02.363+0000] {dag.py:3823} INFO - Setting next_dagrun for a_wine_data_bigquery2 to None, run_after=None
[2024-01-31T20:02:02.463+0000] {processor.py:183} INFO - Processing /opt/airflow/dags/gbc_wines.py took 0.899 seconds
[2024-01-31T20:02:33.281+0000] {processor.py:161} INFO - Started process (PID=211) to work on /opt/airflow/dags/gbc_wines.py
[2024-01-31T20:02:33.294+0000] {processor.py:830} INFO - Processing file /opt/airflow/dags/gbc_wines.py for tasks to queue
[2024-01-31T20:02:33.303+0000] {logging_mixin.py:188} INFO - [2024-01-31T20:02:33.301+0000] {dagbag.py:538} INFO - Filling up the DagBag from /opt/airflow/dags/gbc_wines.py
[2024-01-31T20:02:33.560+0000] {processor.py:840} INFO - DAG(s) 'a_wine_data_bigquery2' retrieved from /opt/airflow/dags/gbc_wines.py
[2024-01-31T20:02:33.687+0000] {logging_mixin.py:188} INFO - [2024-01-31T20:02:33.685+0000] {dag.py:3036} INFO - Sync 1 DAGs
[2024-01-31T20:02:33.736+0000] {logging_mixin.py:188} INFO - [2024-01-31T20:02:33.735+0000] {dag.py:3823} INFO - Setting next_dagrun for a_wine_data_bigquery2 to None, run_after=None
[2024-01-31T20:02:33.949+0000] {processor.py:183} INFO - Processing /opt/airflow/dags/gbc_wines.py took 0.677 seconds
[2024-01-31T20:03:05.264+0000] {processor.py:161} INFO - Started process (PID=245) to work on /opt/airflow/dags/gbc_wines.py
[2024-01-31T20:03:05.356+0000] {processor.py:830} INFO - Processing file /opt/airflow/dags/gbc_wines.py for tasks to queue
[2024-01-31T20:03:05.406+0000] {logging_mixin.py:188} INFO - [2024-01-31T20:03:05.403+0000] {dagbag.py:538} INFO - Filling up the DagBag from /opt/airflow/dags/gbc_wines.py
[2024-01-31T20:03:05.753+0000] {processor.py:840} INFO - DAG(s) 'a_wine_data_bigquery2' retrieved from /opt/airflow/dags/gbc_wines.py
[2024-01-31T20:03:06.120+0000] {logging_mixin.py:188} INFO - [2024-01-31T20:03:06.120+0000] {dag.py:3036} INFO - Sync 1 DAGs
[2024-01-31T20:03:06.346+0000] {logging_mixin.py:188} INFO - [2024-01-31T20:03:06.344+0000] {dag.py:3823} INFO - Setting next_dagrun for a_wine_data_bigquery2 to None, run_after=None
[2024-01-31T20:03:06.572+0000] {processor.py:183} INFO - Processing /opt/airflow/dags/gbc_wines.py took 1.357 seconds
[2024-01-31T20:03:37.528+0000] {processor.py:161} INFO - Started process (PID=348) to work on /opt/airflow/dags/gbc_wines.py
[2024-01-31T20:03:37.539+0000] {processor.py:830} INFO - Processing file /opt/airflow/dags/gbc_wines.py for tasks to queue
[2024-01-31T20:03:37.546+0000] {logging_mixin.py:188} INFO - [2024-01-31T20:03:37.545+0000] {dagbag.py:538} INFO - Filling up the DagBag from /opt/airflow/dags/gbc_wines.py
[2024-01-31T20:03:37.622+0000] {processor.py:840} INFO - DAG(s) 'a_wine_data_bigquery2' retrieved from /opt/airflow/dags/gbc_wines.py
[2024-01-31T20:03:37.735+0000] {logging_mixin.py:188} INFO - [2024-01-31T20:03:37.734+0000] {dag.py:3036} INFO - Sync 1 DAGs
[2024-01-31T20:03:37.794+0000] {logging_mixin.py:188} INFO - [2024-01-31T20:03:37.793+0000] {dag.py:3823} INFO - Setting next_dagrun for a_wine_data_bigquery2 to None, run_after=None
[2024-01-31T20:03:37.879+0000] {processor.py:183} INFO - Processing /opt/airflow/dags/gbc_wines.py took 0.359 seconds
[2024-01-31T20:04:08.322+0000] {processor.py:161} INFO - Started process (PID=398) to work on /opt/airflow/dags/gbc_wines.py
[2024-01-31T20:04:08.431+0000] {processor.py:830} INFO - Processing file /opt/airflow/dags/gbc_wines.py for tasks to queue
[2024-01-31T20:04:08.498+0000] {logging_mixin.py:188} INFO - [2024-01-31T20:04:08.497+0000] {dagbag.py:538} INFO - Filling up the DagBag from /opt/airflow/dags/gbc_wines.py
[2024-01-31T20:04:08.893+0000] {processor.py:840} INFO - DAG(s) 'a_wine_data_bigquery2' retrieved from /opt/airflow/dags/gbc_wines.py
[2024-01-31T20:04:09.171+0000] {logging_mixin.py:188} INFO - [2024-01-31T20:04:09.170+0000] {dag.py:3036} INFO - Sync 1 DAGs
[2024-01-31T20:04:09.277+0000] {logging_mixin.py:188} INFO - [2024-01-31T20:04:09.276+0000] {dag.py:3823} INFO - Setting next_dagrun for a_wine_data_bigquery2 to None, run_after=None
[2024-01-31T20:04:09.596+0000] {processor.py:183} INFO - Processing /opt/airflow/dags/gbc_wines.py took 1.410 seconds
[2024-01-31T20:04:40.431+0000] {processor.py:161} INFO - Started process (PID=448) to work on /opt/airflow/dags/gbc_wines.py
[2024-01-31T20:04:40.444+0000] {processor.py:830} INFO - Processing file /opt/airflow/dags/gbc_wines.py for tasks to queue
[2024-01-31T20:04:40.452+0000] {logging_mixin.py:188} INFO - [2024-01-31T20:04:40.452+0000] {dagbag.py:538} INFO - Filling up the DagBag from /opt/airflow/dags/gbc_wines.py
[2024-01-31T20:04:40.583+0000] {processor.py:840} INFO - DAG(s) 'a_wine_data_bigquery2' retrieved from /opt/airflow/dags/gbc_wines.py
[2024-01-31T20:04:40.673+0000] {logging_mixin.py:188} INFO - [2024-01-31T20:04:40.673+0000] {dag.py:3036} INFO - Sync 1 DAGs
[2024-01-31T20:04:40.702+0000] {logging_mixin.py:188} INFO - [2024-01-31T20:04:40.702+0000] {dag.py:3823} INFO - Setting next_dagrun for a_wine_data_bigquery2 to None, run_after=None
[2024-01-31T20:04:40.765+0000] {processor.py:183} INFO - Processing /opt/airflow/dags/gbc_wines.py took 0.348 seconds
[2024-01-31T20:05:11.803+0000] {processor.py:161} INFO - Started process (PID=483) to work on /opt/airflow/dags/gbc_wines.py
[2024-01-31T20:05:11.822+0000] {processor.py:830} INFO - Processing file /opt/airflow/dags/gbc_wines.py for tasks to queue
[2024-01-31T20:05:11.828+0000] {logging_mixin.py:188} INFO - [2024-01-31T20:05:11.828+0000] {dagbag.py:538} INFO - Filling up the DagBag from /opt/airflow/dags/gbc_wines.py
[2024-01-31T20:05:12.382+0000] {processor.py:840} INFO - DAG(s) 'a_wine_data_bigquery2' retrieved from /opt/airflow/dags/gbc_wines.py
[2024-01-31T20:05:12.844+0000] {logging_mixin.py:188} INFO - [2024-01-31T20:05:12.841+0000] {dag.py:3036} INFO - Sync 1 DAGs
[2024-01-31T20:05:12.950+0000] {logging_mixin.py:188} INFO - [2024-01-31T20:05:12.949+0000] {dag.py:3823} INFO - Setting next_dagrun for a_wine_data_bigquery2 to None, run_after=None
[2024-01-31T20:05:13.224+0000] {processor.py:183} INFO - Processing /opt/airflow/dags/gbc_wines.py took 1.454 seconds
[2024-01-31T20:05:44.041+0000] {processor.py:161} INFO - Started process (PID=501) to work on /opt/airflow/dags/gbc_wines.py
[2024-01-31T20:05:44.045+0000] {processor.py:830} INFO - Processing file /opt/airflow/dags/gbc_wines.py for tasks to queue
[2024-01-31T20:05:44.050+0000] {logging_mixin.py:188} INFO - [2024-01-31T20:05:44.048+0000] {dagbag.py:538} INFO - Filling up the DagBag from /opt/airflow/dags/gbc_wines.py
[2024-01-31T20:05:44.157+0000] {processor.py:840} INFO - DAG(s) 'a_wine_data_bigquery2' retrieved from /opt/airflow/dags/gbc_wines.py
[2024-01-31T20:05:44.262+0000] {logging_mixin.py:188} INFO - [2024-01-31T20:05:44.261+0000] {dag.py:3036} INFO - Sync 1 DAGs
[2024-01-31T20:05:44.309+0000] {logging_mixin.py:188} INFO - [2024-01-31T20:05:44.308+0000] {dag.py:3823} INFO - Setting next_dagrun for a_wine_data_bigquery2 to None, run_after=None
[2024-01-31T20:05:44.368+0000] {processor.py:183} INFO - Processing /opt/airflow/dags/gbc_wines.py took 0.341 seconds
[2024-01-31T20:06:15.073+0000] {processor.py:161} INFO - Started process (PID=527) to work on /opt/airflow/dags/gbc_wines.py
[2024-01-31T20:06:15.086+0000] {processor.py:830} INFO - Processing file /opt/airflow/dags/gbc_wines.py for tasks to queue
[2024-01-31T20:06:15.099+0000] {logging_mixin.py:188} INFO - [2024-01-31T20:06:15.096+0000] {dagbag.py:538} INFO - Filling up the DagBag from /opt/airflow/dags/gbc_wines.py
[2024-01-31T20:06:15.419+0000] {processor.py:840} INFO - DAG(s) 'a_wine_data_bigquery2' retrieved from /opt/airflow/dags/gbc_wines.py
[2024-01-31T20:06:15.699+0000] {logging_mixin.py:188} INFO - [2024-01-31T20:06:15.698+0000] {dag.py:3036} INFO - Sync 1 DAGs
[2024-01-31T20:06:15.807+0000] {logging_mixin.py:188} INFO - [2024-01-31T20:06:15.805+0000] {dag.py:3823} INFO - Setting next_dagrun for a_wine_data_bigquery2 to None, run_after=None
[2024-01-31T20:06:16.184+0000] {processor.py:183} INFO - Processing /opt/airflow/dags/gbc_wines.py took 1.148 seconds
[2024-01-31T20:06:47.290+0000] {processor.py:161} INFO - Started process (PID=553) to work on /opt/airflow/dags/gbc_wines.py
[2024-01-31T20:06:47.299+0000] {processor.py:830} INFO - Processing file /opt/airflow/dags/gbc_wines.py for tasks to queue
[2024-01-31T20:06:47.306+0000] {logging_mixin.py:188} INFO - [2024-01-31T20:06:47.302+0000] {dagbag.py:538} INFO - Filling up the DagBag from /opt/airflow/dags/gbc_wines.py
[2024-01-31T20:06:47.438+0000] {processor.py:840} INFO - DAG(s) 'a_wine_data_bigquery2' retrieved from /opt/airflow/dags/gbc_wines.py
[2024-01-31T20:06:47.568+0000] {logging_mixin.py:188} INFO - [2024-01-31T20:06:47.567+0000] {dag.py:3036} INFO - Sync 1 DAGs
[2024-01-31T20:06:47.606+0000] {logging_mixin.py:188} INFO - [2024-01-31T20:06:47.605+0000] {dag.py:3823} INFO - Setting next_dagrun for a_wine_data_bigquery2 to None, run_after=None
[2024-01-31T20:06:47.709+0000] {processor.py:183} INFO - Processing /opt/airflow/dags/gbc_wines.py took 0.438 seconds
[2024-01-31T20:07:18.092+0000] {processor.py:161} INFO - Started process (PID=571) to work on /opt/airflow/dags/gbc_wines.py
[2024-01-31T20:07:18.096+0000] {processor.py:830} INFO - Processing file /opt/airflow/dags/gbc_wines.py for tasks to queue
[2024-01-31T20:07:18.099+0000] {logging_mixin.py:188} INFO - [2024-01-31T20:07:18.098+0000] {dagbag.py:538} INFO - Filling up the DagBag from /opt/airflow/dags/gbc_wines.py
[2024-01-31T20:07:18.153+0000] {processor.py:840} INFO - DAG(s) 'a_wine_data_bigquery2' retrieved from /opt/airflow/dags/gbc_wines.py
[2024-01-31T20:07:18.229+0000] {logging_mixin.py:188} INFO - [2024-01-31T20:07:18.228+0000] {dag.py:3036} INFO - Sync 1 DAGs
[2024-01-31T20:07:18.258+0000] {logging_mixin.py:188} INFO - [2024-01-31T20:07:18.257+0000] {dag.py:3823} INFO - Setting next_dagrun for a_wine_data_bigquery2 to None, run_after=None
[2024-01-31T20:07:18.304+0000] {processor.py:183} INFO - Processing /opt/airflow/dags/gbc_wines.py took 0.222 seconds
[2024-01-31T20:07:49.173+0000] {processor.py:161} INFO - Started process (PID=596) to work on /opt/airflow/dags/gbc_wines.py
[2024-01-31T20:07:49.179+0000] {processor.py:830} INFO - Processing file /opt/airflow/dags/gbc_wines.py for tasks to queue
[2024-01-31T20:07:49.184+0000] {logging_mixin.py:188} INFO - [2024-01-31T20:07:49.182+0000] {dagbag.py:538} INFO - Filling up the DagBag from /opt/airflow/dags/gbc_wines.py
[2024-01-31T20:07:49.264+0000] {processor.py:840} INFO - DAG(s) 'a_wine_data_bigquery2' retrieved from /opt/airflow/dags/gbc_wines.py
[2024-01-31T20:07:49.334+0000] {logging_mixin.py:188} INFO - [2024-01-31T20:07:49.333+0000] {dag.py:3036} INFO - Sync 1 DAGs
[2024-01-31T20:07:49.370+0000] {logging_mixin.py:188} INFO - [2024-01-31T20:07:49.370+0000] {dag.py:3823} INFO - Setting next_dagrun for a_wine_data_bigquery2 to None, run_after=None
[2024-01-31T20:07:49.433+0000] {processor.py:183} INFO - Processing /opt/airflow/dags/gbc_wines.py took 0.272 seconds
[2024-01-31T20:08:20.546+0000] {processor.py:161} INFO - Started process (PID=622) to work on /opt/airflow/dags/gbc_wines.py
[2024-01-31T20:08:20.589+0000] {processor.py:830} INFO - Processing file /opt/airflow/dags/gbc_wines.py for tasks to queue
[2024-01-31T20:08:20.608+0000] {logging_mixin.py:188} INFO - [2024-01-31T20:08:20.606+0000] {dagbag.py:538} INFO - Filling up the DagBag from /opt/airflow/dags/gbc_wines.py
[2024-01-31T20:08:20.967+0000] {processor.py:840} INFO - DAG(s) 'a_wine_data_bigquery2' retrieved from /opt/airflow/dags/gbc_wines.py
[2024-01-31T20:08:21.199+0000] {logging_mixin.py:188} INFO - [2024-01-31T20:08:21.198+0000] {dag.py:3036} INFO - Sync 1 DAGs
[2024-01-31T20:08:21.322+0000] {logging_mixin.py:188} INFO - [2024-01-31T20:08:21.320+0000] {dag.py:3823} INFO - Setting next_dagrun for a_wine_data_bigquery2 to None, run_after=None
[2024-01-31T20:08:21.703+0000] {processor.py:183} INFO - Processing /opt/airflow/dags/gbc_wines.py took 1.212 seconds
[2024-01-31T20:08:52.341+0000] {processor.py:161} INFO - Started process (PID=646) to work on /opt/airflow/dags/gbc_wines.py
[2024-01-31T20:08:52.353+0000] {processor.py:830} INFO - Processing file /opt/airflow/dags/gbc_wines.py for tasks to queue
[2024-01-31T20:08:52.365+0000] {logging_mixin.py:188} INFO - [2024-01-31T20:08:52.363+0000] {dagbag.py:538} INFO - Filling up the DagBag from /opt/airflow/dags/gbc_wines.py
[2024-01-31T20:08:52.533+0000] {processor.py:840} INFO - DAG(s) 'a_wine_data_bigquery2' retrieved from /opt/airflow/dags/gbc_wines.py
[2024-01-31T20:08:52.775+0000] {logging_mixin.py:188} INFO - [2024-01-31T20:08:52.774+0000] {dag.py:3036} INFO - Sync 1 DAGs
[2024-01-31T20:08:52.877+0000] {logging_mixin.py:188} INFO - [2024-01-31T20:08:52.876+0000] {dag.py:3823} INFO - Setting next_dagrun for a_wine_data_bigquery2 to None, run_after=None
[2024-01-31T20:08:52.982+0000] {processor.py:183} INFO - Processing /opt/airflow/dags/gbc_wines.py took 0.655 seconds
[2024-01-31T20:09:23.451+0000] {processor.py:161} INFO - Started process (PID=664) to work on /opt/airflow/dags/gbc_wines.py
[2024-01-31T20:09:23.463+0000] {processor.py:830} INFO - Processing file /opt/airflow/dags/gbc_wines.py for tasks to queue
[2024-01-31T20:09:23.475+0000] {logging_mixin.py:188} INFO - [2024-01-31T20:09:23.474+0000] {dagbag.py:538} INFO - Filling up the DagBag from /opt/airflow/dags/gbc_wines.py
[2024-01-31T20:09:23.573+0000] {processor.py:840} INFO - DAG(s) 'a_wine_data_bigquery2' retrieved from /opt/airflow/dags/gbc_wines.py
[2024-01-31T20:09:23.706+0000] {logging_mixin.py:188} INFO - [2024-01-31T20:09:23.704+0000] {dag.py:3036} INFO - Sync 1 DAGs
[2024-01-31T20:09:23.741+0000] {logging_mixin.py:188} INFO - [2024-01-31T20:09:23.741+0000] {dag.py:3823} INFO - Setting next_dagrun for a_wine_data_bigquery2 to None, run_after=None
[2024-01-31T20:09:23.777+0000] {processor.py:183} INFO - Processing /opt/airflow/dags/gbc_wines.py took 0.344 seconds
[2024-01-31T20:09:54.602+0000] {processor.py:161} INFO - Started process (PID=690) to work on /opt/airflow/dags/gbc_wines.py
[2024-01-31T20:09:54.606+0000] {processor.py:830} INFO - Processing file /opt/airflow/dags/gbc_wines.py for tasks to queue
[2024-01-31T20:09:54.610+0000] {logging_mixin.py:188} INFO - [2024-01-31T20:09:54.609+0000] {dagbag.py:538} INFO - Filling up the DagBag from /opt/airflow/dags/gbc_wines.py
[2024-01-31T20:09:54.662+0000] {processor.py:840} INFO - DAG(s) 'a_wine_data_bigquery2' retrieved from /opt/airflow/dags/gbc_wines.py
[2024-01-31T20:09:54.723+0000] {logging_mixin.py:188} INFO - [2024-01-31T20:09:54.723+0000] {dag.py:3036} INFO - Sync 1 DAGs
[2024-01-31T20:09:54.760+0000] {logging_mixin.py:188} INFO - [2024-01-31T20:09:54.759+0000] {dag.py:3823} INFO - Setting next_dagrun for a_wine_data_bigquery2 to None, run_after=None
[2024-01-31T20:09:54.819+0000] {processor.py:183} INFO - Processing /opt/airflow/dags/gbc_wines.py took 0.223 seconds
[2024-01-31T20:10:26.005+0000] {processor.py:161} INFO - Started process (PID=720) to work on /opt/airflow/dags/gbc_wines.py
[2024-01-31T20:10:26.105+0000] {processor.py:830} INFO - Processing file /opt/airflow/dags/gbc_wines.py for tasks to queue
[2024-01-31T20:10:26.119+0000] {logging_mixin.py:188} INFO - [2024-01-31T20:10:26.118+0000] {dagbag.py:538} INFO - Filling up the DagBag from /opt/airflow/dags/gbc_wines.py
[2024-01-31T20:10:27.054+0000] {processor.py:840} INFO - DAG(s) 'a_wine_data_bigquery2' retrieved from /opt/airflow/dags/gbc_wines.py
[2024-01-31T20:10:27.322+0000] {logging_mixin.py:188} INFO - [2024-01-31T20:10:27.321+0000] {dag.py:3036} INFO - Sync 1 DAGs
[2024-01-31T20:10:27.594+0000] {logging_mixin.py:188} INFO - [2024-01-31T20:10:27.593+0000] {dag.py:3823} INFO - Setting next_dagrun for a_wine_data_bigquery2 to None, run_after=None
[2024-01-31T20:10:27.755+0000] {processor.py:183} INFO - Processing /opt/airflow/dags/gbc_wines.py took 1.772 seconds
[2024-01-31T20:10:58.340+0000] {processor.py:161} INFO - Started process (PID=786) to work on /opt/airflow/dags/gbc_wines.py
[2024-01-31T20:10:58.343+0000] {processor.py:830} INFO - Processing file /opt/airflow/dags/gbc_wines.py for tasks to queue
[2024-01-31T20:10:58.345+0000] {logging_mixin.py:188} INFO - [2024-01-31T20:10:58.344+0000] {dagbag.py:538} INFO - Filling up the DagBag from /opt/airflow/dags/gbc_wines.py
[2024-01-31T20:10:58.389+0000] {processor.py:840} INFO - DAG(s) 'a_wine_data_bigquery2' retrieved from /opt/airflow/dags/gbc_wines.py
[2024-01-31T20:10:58.444+0000] {logging_mixin.py:188} INFO - [2024-01-31T20:10:58.444+0000] {dag.py:3036} INFO - Sync 1 DAGs
[2024-01-31T20:10:58.469+0000] {logging_mixin.py:188} INFO - [2024-01-31T20:10:58.468+0000] {dag.py:3823} INFO - Setting next_dagrun for a_wine_data_bigquery2 to None, run_after=None
[2024-01-31T20:10:58.512+0000] {processor.py:183} INFO - Processing /opt/airflow/dags/gbc_wines.py took 0.178 seconds
[2024-01-31T20:11:29.602+0000] {processor.py:161} INFO - Started process (PID=873) to work on /opt/airflow/dags/gbc_wines.py
[2024-01-31T20:11:29.639+0000] {processor.py:830} INFO - Processing file /opt/airflow/dags/gbc_wines.py for tasks to queue
[2024-01-31T20:11:29.667+0000] {logging_mixin.py:188} INFO - [2024-01-31T20:11:29.665+0000] {dagbag.py:538} INFO - Filling up the DagBag from /opt/airflow/dags/gbc_wines.py
[2024-01-31T20:11:29.838+0000] {processor.py:840} INFO - DAG(s) 'a_wine_data_bigquery2' retrieved from /opt/airflow/dags/gbc_wines.py
[2024-01-31T20:11:30.017+0000] {logging_mixin.py:188} INFO - [2024-01-31T20:11:30.016+0000] {dag.py:3036} INFO - Sync 1 DAGs
[2024-01-31T20:11:30.137+0000] {logging_mixin.py:188} INFO - [2024-01-31T20:11:30.137+0000] {dag.py:3823} INFO - Setting next_dagrun for a_wine_data_bigquery2 to None, run_after=None
[2024-01-31T20:11:30.282+0000] {processor.py:183} INFO - Processing /opt/airflow/dags/gbc_wines.py took 0.714 seconds
[2024-01-31T20:12:00.848+0000] {processor.py:161} INFO - Started process (PID=933) to work on /opt/airflow/dags/gbc_wines.py
[2024-01-31T20:12:00.868+0000] {processor.py:830} INFO - Processing file /opt/airflow/dags/gbc_wines.py for tasks to queue
[2024-01-31T20:12:00.892+0000] {logging_mixin.py:188} INFO - [2024-01-31T20:12:00.890+0000] {dagbag.py:538} INFO - Filling up the DagBag from /opt/airflow/dags/gbc_wines.py
[2024-01-31T20:12:01.126+0000] {processor.py:840} INFO - DAG(s) 'a_wine_data_bigquery2' retrieved from /opt/airflow/dags/gbc_wines.py
[2024-01-31T20:12:01.340+0000] {logging_mixin.py:188} INFO - [2024-01-31T20:12:01.340+0000] {dag.py:3036} INFO - Sync 1 DAGs
[2024-01-31T20:12:01.386+0000] {logging_mixin.py:188} INFO - [2024-01-31T20:12:01.386+0000] {dag.py:3823} INFO - Setting next_dagrun for a_wine_data_bigquery2 to None, run_after=None
[2024-01-31T20:12:01.545+0000] {processor.py:183} INFO - Processing /opt/airflow/dags/gbc_wines.py took 0.712 seconds
[2024-01-31T20:12:32.852+0000] {processor.py:161} INFO - Started process (PID=968) to work on /opt/airflow/dags/gbc_wines.py
[2024-01-31T20:12:32.883+0000] {processor.py:830} INFO - Processing file /opt/airflow/dags/gbc_wines.py for tasks to queue
[2024-01-31T20:12:32.896+0000] {logging_mixin.py:188} INFO - [2024-01-31T20:12:32.887+0000] {dagbag.py:538} INFO - Filling up the DagBag from /opt/airflow/dags/gbc_wines.py
[2024-01-31T20:12:33.113+0000] {processor.py:840} INFO - DAG(s) 'a_wine_data_bigquery2' retrieved from /opt/airflow/dags/gbc_wines.py
[2024-01-31T20:12:33.482+0000] {logging_mixin.py:188} INFO - [2024-01-31T20:12:33.475+0000] {dag.py:3036} INFO - Sync 1 DAGs
[2024-01-31T20:12:33.619+0000] {logging_mixin.py:188} INFO - [2024-01-31T20:12:33.619+0000] {dag.py:3823} INFO - Setting next_dagrun for a_wine_data_bigquery2 to None, run_after=None
[2024-01-31T20:12:33.889+0000] {processor.py:183} INFO - Processing /opt/airflow/dags/gbc_wines.py took 1.055 seconds
[2024-01-31T20:13:04.404+0000] {processor.py:161} INFO - Started process (PID=987) to work on /opt/airflow/dags/gbc_wines.py
[2024-01-31T20:13:04.407+0000] {processor.py:830} INFO - Processing file /opt/airflow/dags/gbc_wines.py for tasks to queue
[2024-01-31T20:13:04.410+0000] {logging_mixin.py:188} INFO - [2024-01-31T20:13:04.409+0000] {dagbag.py:538} INFO - Filling up the DagBag from /opt/airflow/dags/gbc_wines.py
[2024-01-31T20:13:04.466+0000] {processor.py:840} INFO - DAG(s) 'a_wine_data_bigquery2' retrieved from /opt/airflow/dags/gbc_wines.py
[2024-01-31T20:13:04.521+0000] {logging_mixin.py:188} INFO - [2024-01-31T20:13:04.520+0000] {dag.py:3036} INFO - Sync 1 DAGs
[2024-01-31T20:13:04.547+0000] {logging_mixin.py:188} INFO - [2024-01-31T20:13:04.547+0000] {dag.py:3823} INFO - Setting next_dagrun for a_wine_data_bigquery2 to None, run_after=None
[2024-01-31T20:13:04.583+0000] {processor.py:183} INFO - Processing /opt/airflow/dags/gbc_wines.py took 0.185 seconds
[2024-01-31T20:13:35.442+0000] {processor.py:161} INFO - Started process (PID=1013) to work on /opt/airflow/dags/gbc_wines.py
[2024-01-31T20:13:35.443+0000] {processor.py:830} INFO - Processing file /opt/airflow/dags/gbc_wines.py for tasks to queue
[2024-01-31T20:13:35.445+0000] {logging_mixin.py:188} INFO - [2024-01-31T20:13:35.444+0000] {dagbag.py:538} INFO - Filling up the DagBag from /opt/airflow/dags/gbc_wines.py
[2024-01-31T20:13:35.487+0000] {processor.py:840} INFO - DAG(s) 'a_wine_data_bigquery2' retrieved from /opt/airflow/dags/gbc_wines.py
[2024-01-31T20:13:35.539+0000] {logging_mixin.py:188} INFO - [2024-01-31T20:13:35.538+0000] {dag.py:3036} INFO - Sync 1 DAGs
[2024-01-31T20:13:35.565+0000] {logging_mixin.py:188} INFO - [2024-01-31T20:13:35.565+0000] {dag.py:3823} INFO - Setting next_dagrun for a_wine_data_bigquery2 to None, run_after=None
[2024-01-31T20:13:35.601+0000] {processor.py:183} INFO - Processing /opt/airflow/dags/gbc_wines.py took 0.165 seconds
[2024-01-31T20:14:06.090+0000] {processor.py:161} INFO - Started process (PID=1039) to work on /opt/airflow/dags/gbc_wines.py
[2024-01-31T20:14:06.091+0000] {processor.py:830} INFO - Processing file /opt/airflow/dags/gbc_wines.py for tasks to queue
[2024-01-31T20:14:06.093+0000] {logging_mixin.py:188} INFO - [2024-01-31T20:14:06.092+0000] {dagbag.py:538} INFO - Filling up the DagBag from /opt/airflow/dags/gbc_wines.py
[2024-01-31T20:14:06.121+0000] {processor.py:840} INFO - DAG(s) 'a_wine_data_bigquery2' retrieved from /opt/airflow/dags/gbc_wines.py
[2024-01-31T20:14:06.164+0000] {logging_mixin.py:188} INFO - [2024-01-31T20:14:06.163+0000] {dag.py:3036} INFO - Sync 1 DAGs
[2024-01-31T20:14:06.186+0000] {logging_mixin.py:188} INFO - [2024-01-31T20:14:06.185+0000] {dag.py:3823} INFO - Setting next_dagrun for a_wine_data_bigquery2 to None, run_after=None
[2024-01-31T20:14:06.218+0000] {processor.py:183} INFO - Processing /opt/airflow/dags/gbc_wines.py took 0.133 seconds
[2024-01-31T20:14:36.720+0000] {processor.py:161} INFO - Started process (PID=1065) to work on /opt/airflow/dags/gbc_wines.py
[2024-01-31T20:14:36.722+0000] {processor.py:830} INFO - Processing file /opt/airflow/dags/gbc_wines.py for tasks to queue
[2024-01-31T20:14:36.723+0000] {logging_mixin.py:188} INFO - [2024-01-31T20:14:36.723+0000] {dagbag.py:538} INFO - Filling up the DagBag from /opt/airflow/dags/gbc_wines.py
[2024-01-31T20:14:36.754+0000] {processor.py:840} INFO - DAG(s) 'a_wine_data_bigquery2' retrieved from /opt/airflow/dags/gbc_wines.py
[2024-01-31T20:14:36.792+0000] {logging_mixin.py:188} INFO - [2024-01-31T20:14:36.791+0000] {dag.py:3036} INFO - Sync 1 DAGs
[2024-01-31T20:14:36.815+0000] {logging_mixin.py:188} INFO - [2024-01-31T20:14:36.815+0000] {dag.py:3823} INFO - Setting next_dagrun for a_wine_data_bigquery2 to None, run_after=None
[2024-01-31T20:14:36.846+0000] {processor.py:183} INFO - Processing /opt/airflow/dags/gbc_wines.py took 0.131 seconds
[2024-01-31T20:15:07.549+0000] {processor.py:161} INFO - Started process (PID=1091) to work on /opt/airflow/dags/gbc_wines.py
[2024-01-31T20:15:07.558+0000] {processor.py:830} INFO - Processing file /opt/airflow/dags/gbc_wines.py for tasks to queue
[2024-01-31T20:15:07.564+0000] {logging_mixin.py:188} INFO - [2024-01-31T20:15:07.563+0000] {dagbag.py:538} INFO - Filling up the DagBag from /opt/airflow/dags/gbc_wines.py
[2024-01-31T20:15:07.709+0000] {processor.py:840} INFO - DAG(s) 'a_wine_data_bigquery2' retrieved from /opt/airflow/dags/gbc_wines.py
[2024-01-31T20:15:07.833+0000] {logging_mixin.py:188} INFO - [2024-01-31T20:15:07.833+0000] {dag.py:3036} INFO - Sync 1 DAGs
[2024-01-31T20:15:07.883+0000] {logging_mixin.py:188} INFO - [2024-01-31T20:15:07.883+0000] {dag.py:3823} INFO - Setting next_dagrun for a_wine_data_bigquery2 to None, run_after=None
[2024-01-31T20:15:07.934+0000] {processor.py:183} INFO - Processing /opt/airflow/dags/gbc_wines.py took 0.394 seconds
[2024-01-31T20:15:38.289+0000] {processor.py:161} INFO - Started process (PID=1116) to work on /opt/airflow/dags/gbc_wines.py
[2024-01-31T20:15:38.309+0000] {processor.py:830} INFO - Processing file /opt/airflow/dags/gbc_wines.py for tasks to queue
[2024-01-31T20:15:38.331+0000] {logging_mixin.py:188} INFO - [2024-01-31T20:15:38.330+0000] {dagbag.py:538} INFO - Filling up the DagBag from /opt/airflow/dags/gbc_wines.py
[2024-01-31T20:15:38.614+0000] {processor.py:840} INFO - DAG(s) 'a_wine_data_bigquery2' retrieved from /opt/airflow/dags/gbc_wines.py
[2024-01-31T20:15:38.927+0000] {logging_mixin.py:188} INFO - [2024-01-31T20:15:38.926+0000] {dag.py:3036} INFO - Sync 1 DAGs
[2024-01-31T20:15:39.010+0000] {logging_mixin.py:188} INFO - [2024-01-31T20:15:39.010+0000] {dag.py:3823} INFO - Setting next_dagrun for a_wine_data_bigquery2 to None, run_after=None
[2024-01-31T20:15:39.247+0000] {processor.py:183} INFO - Processing /opt/airflow/dags/gbc_wines.py took 0.974 seconds
[2024-01-31T20:16:10.434+0000] {processor.py:161} INFO - Started process (PID=1144) to work on /opt/airflow/dags/gbc_wines.py
[2024-01-31T20:16:10.465+0000] {processor.py:830} INFO - Processing file /opt/airflow/dags/gbc_wines.py for tasks to queue
[2024-01-31T20:16:10.489+0000] {logging_mixin.py:188} INFO - [2024-01-31T20:16:10.488+0000] {dagbag.py:538} INFO - Filling up the DagBag from /opt/airflow/dags/gbc_wines.py
[2024-01-31T20:16:11.338+0000] {processor.py:840} INFO - DAG(s) 'a_wine_data_bigquery2' retrieved from /opt/airflow/dags/gbc_wines.py
[2024-01-31T20:16:11.768+0000] {logging_mixin.py:188} INFO - [2024-01-31T20:16:11.767+0000] {dag.py:3036} INFO - Sync 1 DAGs
[2024-01-31T20:16:11.901+0000] {logging_mixin.py:188} INFO - [2024-01-31T20:16:11.900+0000] {dag.py:3823} INFO - Setting next_dagrun for a_wine_data_bigquery2 to None, run_after=None
[2024-01-31T20:16:12.158+0000] {processor.py:183} INFO - Processing /opt/airflow/dags/gbc_wines.py took 1.878 seconds
[2024-01-31T20:16:43.110+0000] {processor.py:161} INFO - Started process (PID=1170) to work on /opt/airflow/dags/gbc_wines.py
[2024-01-31T20:16:43.114+0000] {processor.py:830} INFO - Processing file /opt/airflow/dags/gbc_wines.py for tasks to queue
[2024-01-31T20:16:43.120+0000] {logging_mixin.py:188} INFO - [2024-01-31T20:16:43.118+0000] {dagbag.py:538} INFO - Filling up the DagBag from /opt/airflow/dags/gbc_wines.py
[2024-01-31T20:16:43.261+0000] {processor.py:840} INFO - DAG(s) 'a_wine_data_bigquery2' retrieved from /opt/airflow/dags/gbc_wines.py
[2024-01-31T20:16:43.493+0000] {logging_mixin.py:188} INFO - [2024-01-31T20:16:43.493+0000] {dag.py:3036} INFO - Sync 1 DAGs
[2024-01-31T20:16:43.551+0000] {logging_mixin.py:188} INFO - [2024-01-31T20:16:43.550+0000] {dag.py:3823} INFO - Setting next_dagrun for a_wine_data_bigquery2 to None, run_after=None
[2024-01-31T20:16:43.648+0000] {processor.py:183} INFO - Processing /opt/airflow/dags/gbc_wines.py took 0.549 seconds
[2024-01-31T20:17:14.354+0000] {processor.py:161} INFO - Started process (PID=1195) to work on /opt/airflow/dags/gbc_wines.py
[2024-01-31T20:17:14.363+0000] {processor.py:830} INFO - Processing file /opt/airflow/dags/gbc_wines.py for tasks to queue
[2024-01-31T20:17:14.368+0000] {logging_mixin.py:188} INFO - [2024-01-31T20:17:14.368+0000] {dagbag.py:538} INFO - Filling up the DagBag from /opt/airflow/dags/gbc_wines.py
[2024-01-31T20:17:14.420+0000] {processor.py:840} INFO - DAG(s) 'a_wine_data_bigquery2' retrieved from /opt/airflow/dags/gbc_wines.py
[2024-01-31T20:17:14.562+0000] {logging_mixin.py:188} INFO - [2024-01-31T20:17:14.561+0000] {dag.py:3036} INFO - Sync 1 DAGs
[2024-01-31T20:17:14.616+0000] {logging_mixin.py:188} INFO - [2024-01-31T20:17:14.616+0000] {dag.py:3823} INFO - Setting next_dagrun for a_wine_data_bigquery2 to None, run_after=None
[2024-01-31T20:17:14.715+0000] {processor.py:183} INFO - Processing /opt/airflow/dags/gbc_wines.py took 0.371 seconds
[2024-01-31T20:17:45.597+0000] {processor.py:161} INFO - Started process (PID=1220) to work on /opt/airflow/dags/gbc_wines.py
[2024-01-31T20:17:45.799+0000] {processor.py:830} INFO - Processing file /opt/airflow/dags/gbc_wines.py for tasks to queue
[2024-01-31T20:17:45.818+0000] {logging_mixin.py:188} INFO - [2024-01-31T20:17:45.815+0000] {dagbag.py:538} INFO - Filling up the DagBag from /opt/airflow/dags/gbc_wines.py
[2024-01-31T20:17:46.273+0000] {processor.py:840} INFO - DAG(s) 'a_wine_data_bigquery2' retrieved from /opt/airflow/dags/gbc_wines.py
[2024-01-31T20:17:46.388+0000] {logging_mixin.py:188} INFO - [2024-01-31T20:17:46.387+0000] {dag.py:3036} INFO - Sync 1 DAGs
[2024-01-31T20:17:46.487+0000] {logging_mixin.py:188} INFO - [2024-01-31T20:17:46.481+0000] {dag.py:3823} INFO - Setting next_dagrun for a_wine_data_bigquery2 to None, run_after=None
[2024-01-31T20:17:46.667+0000] {processor.py:183} INFO - Processing /opt/airflow/dags/gbc_wines.py took 1.075 seconds
[2024-01-31T20:18:17.393+0000] {processor.py:161} INFO - Started process (PID=1239) to work on /opt/airflow/dags/gbc_wines.py
[2024-01-31T20:18:17.396+0000] {processor.py:830} INFO - Processing file /opt/airflow/dags/gbc_wines.py for tasks to queue
[2024-01-31T20:18:17.398+0000] {logging_mixin.py:188} INFO - [2024-01-31T20:18:17.397+0000] {dagbag.py:538} INFO - Filling up the DagBag from /opt/airflow/dags/gbc_wines.py
[2024-01-31T20:18:17.456+0000] {processor.py:840} INFO - DAG(s) 'a_wine_data_bigquery2' retrieved from /opt/airflow/dags/gbc_wines.py
[2024-01-31T20:18:17.521+0000] {logging_mixin.py:188} INFO - [2024-01-31T20:18:17.521+0000] {dag.py:3036} INFO - Sync 1 DAGs
[2024-01-31T20:18:17.559+0000] {logging_mixin.py:188} INFO - [2024-01-31T20:18:17.559+0000] {dag.py:3823} INFO - Setting next_dagrun for a_wine_data_bigquery2 to None, run_after=None
[2024-01-31T20:18:17.598+0000] {processor.py:183} INFO - Processing /opt/airflow/dags/gbc_wines.py took 0.211 seconds
[2024-01-31T20:18:48.237+0000] {processor.py:161} INFO - Started process (PID=1265) to work on /opt/airflow/dags/gbc_wines.py
[2024-01-31T20:18:48.241+0000] {processor.py:830} INFO - Processing file /opt/airflow/dags/gbc_wines.py for tasks to queue
[2024-01-31T20:18:48.244+0000] {logging_mixin.py:188} INFO - [2024-01-31T20:18:48.243+0000] {dagbag.py:538} INFO - Filling up the DagBag from /opt/airflow/dags/gbc_wines.py
[2024-01-31T20:18:48.372+0000] {processor.py:840} INFO - DAG(s) 'a_wine_data_bigquery2' retrieved from /opt/airflow/dags/gbc_wines.py
[2024-01-31T20:18:48.646+0000] {logging_mixin.py:188} INFO - [2024-01-31T20:18:48.646+0000] {dag.py:3036} INFO - Sync 1 DAGs
[2024-01-31T20:18:48.740+0000] {logging_mixin.py:188} INFO - [2024-01-31T20:18:48.740+0000] {dag.py:3823} INFO - Setting next_dagrun for a_wine_data_bigquery2 to None, run_after=None
[2024-01-31T20:18:48.806+0000] {processor.py:183} INFO - Processing /opt/airflow/dags/gbc_wines.py took 0.582 seconds
[2024-01-31T20:19:19.015+0000] {processor.py:161} INFO - Started process (PID=1288) to work on /opt/airflow/dags/gbc_wines.py
[2024-01-31T20:19:19.017+0000] {processor.py:830} INFO - Processing file /opt/airflow/dags/gbc_wines.py for tasks to queue
[2024-01-31T20:19:19.019+0000] {logging_mixin.py:188} INFO - [2024-01-31T20:19:19.018+0000] {dagbag.py:538} INFO - Filling up the DagBag from /opt/airflow/dags/gbc_wines.py
[2024-01-31T20:19:19.058+0000] {processor.py:840} INFO - DAG(s) 'a_wine_data_bigquery2' retrieved from /opt/airflow/dags/gbc_wines.py
[2024-01-31T20:19:19.109+0000] {logging_mixin.py:188} INFO - [2024-01-31T20:19:19.109+0000] {dag.py:3036} INFO - Sync 1 DAGs
[2024-01-31T20:19:19.131+0000] {logging_mixin.py:188} INFO - [2024-01-31T20:19:19.130+0000] {dag.py:3823} INFO - Setting next_dagrun for a_wine_data_bigquery2 to None, run_after=None
[2024-01-31T20:19:19.160+0000] {processor.py:183} INFO - Processing /opt/airflow/dags/gbc_wines.py took 0.152 seconds
[2024-01-31T20:19:49.518+0000] {processor.py:161} INFO - Started process (PID=1314) to work on /opt/airflow/dags/gbc_wines.py
[2024-01-31T20:19:49.520+0000] {processor.py:830} INFO - Processing file /opt/airflow/dags/gbc_wines.py for tasks to queue
[2024-01-31T20:19:49.522+0000] {logging_mixin.py:188} INFO - [2024-01-31T20:19:49.521+0000] {dagbag.py:538} INFO - Filling up the DagBag from /opt/airflow/dags/gbc_wines.py
[2024-01-31T20:19:49.556+0000] {processor.py:840} INFO - DAG(s) 'a_wine_data_bigquery2' retrieved from /opt/airflow/dags/gbc_wines.py
[2024-01-31T20:19:49.590+0000] {logging_mixin.py:188} INFO - [2024-01-31T20:19:49.590+0000] {dag.py:3036} INFO - Sync 1 DAGs
[2024-01-31T20:19:49.609+0000] {logging_mixin.py:188} INFO - [2024-01-31T20:19:49.608+0000] {dag.py:3823} INFO - Setting next_dagrun for a_wine_data_bigquery2 to None, run_after=None
[2024-01-31T20:19:49.631+0000] {processor.py:183} INFO - Processing /opt/airflow/dags/gbc_wines.py took 0.119 seconds
[2024-01-31T20:20:19.986+0000] {processor.py:161} INFO - Started process (PID=1340) to work on /opt/airflow/dags/gbc_wines.py
[2024-01-31T20:20:19.988+0000] {processor.py:830} INFO - Processing file /opt/airflow/dags/gbc_wines.py for tasks to queue
[2024-01-31T20:20:19.990+0000] {logging_mixin.py:188} INFO - [2024-01-31T20:20:19.989+0000] {dagbag.py:538} INFO - Filling up the DagBag from /opt/airflow/dags/gbc_wines.py
[2024-01-31T20:20:20.012+0000] {processor.py:840} INFO - DAG(s) 'a_wine_data_bigquery2' retrieved from /opt/airflow/dags/gbc_wines.py
[2024-01-31T20:20:20.046+0000] {logging_mixin.py:188} INFO - [2024-01-31T20:20:20.045+0000] {dag.py:3036} INFO - Sync 1 DAGs
[2024-01-31T20:20:20.063+0000] {logging_mixin.py:188} INFO - [2024-01-31T20:20:20.062+0000] {dag.py:3823} INFO - Setting next_dagrun for a_wine_data_bigquery2 to None, run_after=None
[2024-01-31T20:20:20.085+0000] {processor.py:183} INFO - Processing /opt/airflow/dags/gbc_wines.py took 0.103 seconds
[2024-01-31T20:20:50.418+0000] {processor.py:161} INFO - Started process (PID=1366) to work on /opt/airflow/dags/gbc_wines.py
[2024-01-31T20:20:50.419+0000] {processor.py:830} INFO - Processing file /opt/airflow/dags/gbc_wines.py for tasks to queue
[2024-01-31T20:20:50.421+0000] {logging_mixin.py:188} INFO - [2024-01-31T20:20:50.421+0000] {dagbag.py:538} INFO - Filling up the DagBag from /opt/airflow/dags/gbc_wines.py
[2024-01-31T20:20:50.462+0000] {processor.py:840} INFO - DAG(s) 'a_wine_data_bigquery2' retrieved from /opt/airflow/dags/gbc_wines.py
[2024-01-31T20:20:50.518+0000] {logging_mixin.py:188} INFO - [2024-01-31T20:20:50.517+0000] {dag.py:3036} INFO - Sync 1 DAGs
[2024-01-31T20:20:50.538+0000] {logging_mixin.py:188} INFO - [2024-01-31T20:20:50.538+0000] {dag.py:3823} INFO - Setting next_dagrun for a_wine_data_bigquery2 to None, run_after=None
[2024-01-31T20:20:50.563+0000] {processor.py:183} INFO - Processing /opt/airflow/dags/gbc_wines.py took 0.152 seconds
[2024-01-31T20:21:20.901+0000] {processor.py:161} INFO - Started process (PID=1392) to work on /opt/airflow/dags/gbc_wines.py
[2024-01-31T20:21:20.903+0000] {processor.py:830} INFO - Processing file /opt/airflow/dags/gbc_wines.py for tasks to queue
[2024-01-31T20:21:20.904+0000] {logging_mixin.py:188} INFO - [2024-01-31T20:21:20.904+0000] {dagbag.py:538} INFO - Filling up the DagBag from /opt/airflow/dags/gbc_wines.py
[2024-01-31T20:21:20.927+0000] {processor.py:840} INFO - DAG(s) 'a_wine_data_bigquery2' retrieved from /opt/airflow/dags/gbc_wines.py
[2024-01-31T20:21:20.961+0000] {logging_mixin.py:188} INFO - [2024-01-31T20:21:20.960+0000] {dag.py:3036} INFO - Sync 1 DAGs
[2024-01-31T20:21:20.976+0000] {logging_mixin.py:188} INFO - [2024-01-31T20:21:20.976+0000] {dag.py:3823} INFO - Setting next_dagrun for a_wine_data_bigquery2 to None, run_after=None
[2024-01-31T20:21:21.000+0000] {processor.py:183} INFO - Processing /opt/airflow/dags/gbc_wines.py took 0.105 seconds
[2024-01-31T20:21:51.342+0000] {processor.py:161} INFO - Started process (PID=1425) to work on /opt/airflow/dags/gbc_wines.py
[2024-01-31T20:21:51.345+0000] {processor.py:830} INFO - Processing file /opt/airflow/dags/gbc_wines.py for tasks to queue
[2024-01-31T20:21:51.347+0000] {logging_mixin.py:188} INFO - [2024-01-31T20:21:51.347+0000] {dagbag.py:538} INFO - Filling up the DagBag from /opt/airflow/dags/gbc_wines.py
[2024-01-31T20:21:51.403+0000] {processor.py:840} INFO - DAG(s) 'a_wine_data_bigquery2' retrieved from /opt/airflow/dags/gbc_wines.py
[2024-01-31T20:21:51.469+0000] {logging_mixin.py:188} INFO - [2024-01-31T20:21:51.469+0000] {dag.py:3036} INFO - Sync 1 DAGs
[2024-01-31T20:21:51.497+0000] {logging_mixin.py:188} INFO - [2024-01-31T20:21:51.497+0000] {dag.py:3823} INFO - Setting next_dagrun for a_wine_data_bigquery2 to None, run_after=None
[2024-01-31T20:21:51.550+0000] {processor.py:183} INFO - Processing /opt/airflow/dags/gbc_wines.py took 0.219 seconds
[2024-01-31T20:22:21.981+0000] {processor.py:161} INFO - Started process (PID=1451) to work on /opt/airflow/dags/gbc_wines.py
[2024-01-31T20:22:21.984+0000] {processor.py:830} INFO - Processing file /opt/airflow/dags/gbc_wines.py for tasks to queue
[2024-01-31T20:22:21.987+0000] {logging_mixin.py:188} INFO - [2024-01-31T20:22:21.986+0000] {dagbag.py:538} INFO - Filling up the DagBag from /opt/airflow/dags/gbc_wines.py
[2024-01-31T20:22:22.047+0000] {processor.py:840} INFO - DAG(s) 'a_wine_data_bigquery2' retrieved from /opt/airflow/dags/gbc_wines.py
[2024-01-31T20:22:22.151+0000] {logging_mixin.py:188} INFO - [2024-01-31T20:22:22.151+0000] {dag.py:3036} INFO - Sync 1 DAGs
[2024-01-31T20:22:22.198+0000] {logging_mixin.py:188} INFO - [2024-01-31T20:22:22.198+0000] {dag.py:3823} INFO - Setting next_dagrun for a_wine_data_bigquery2 to None, run_after=None
[2024-01-31T20:22:22.247+0000] {processor.py:183} INFO - Processing /opt/airflow/dags/gbc_wines.py took 0.277 seconds
[2024-01-31T20:22:52.575+0000] {processor.py:161} INFO - Started process (PID=1477) to work on /opt/airflow/dags/gbc_wines.py
[2024-01-31T20:22:52.576+0000] {processor.py:830} INFO - Processing file /opt/airflow/dags/gbc_wines.py for tasks to queue
[2024-01-31T20:22:52.578+0000] {logging_mixin.py:188} INFO - [2024-01-31T20:22:52.577+0000] {dagbag.py:538} INFO - Filling up the DagBag from /opt/airflow/dags/gbc_wines.py
[2024-01-31T20:22:52.603+0000] {processor.py:840} INFO - DAG(s) 'a_wine_data_bigquery2' retrieved from /opt/airflow/dags/gbc_wines.py
[2024-01-31T20:22:52.637+0000] {logging_mixin.py:188} INFO - [2024-01-31T20:22:52.636+0000] {dag.py:3036} INFO - Sync 1 DAGs
[2024-01-31T20:22:52.655+0000] {logging_mixin.py:188} INFO - [2024-01-31T20:22:52.654+0000] {dag.py:3823} INFO - Setting next_dagrun for a_wine_data_bigquery2 to None, run_after=None
[2024-01-31T20:22:52.679+0000] {processor.py:183} INFO - Processing /opt/airflow/dags/gbc_wines.py took 0.111 seconds
[2024-01-31T20:23:23.021+0000] {processor.py:161} INFO - Started process (PID=1503) to work on /opt/airflow/dags/gbc_wines.py
[2024-01-31T20:23:23.022+0000] {processor.py:830} INFO - Processing file /opt/airflow/dags/gbc_wines.py for tasks to queue
[2024-01-31T20:23:23.024+0000] {logging_mixin.py:188} INFO - [2024-01-31T20:23:23.023+0000] {dagbag.py:538} INFO - Filling up the DagBag from /opt/airflow/dags/gbc_wines.py
[2024-01-31T20:23:23.057+0000] {processor.py:840} INFO - DAG(s) 'a_wine_data_bigquery2' retrieved from /opt/airflow/dags/gbc_wines.py
[2024-01-31T20:23:23.094+0000] {logging_mixin.py:188} INFO - [2024-01-31T20:23:23.093+0000] {dag.py:3036} INFO - Sync 1 DAGs
[2024-01-31T20:23:23.114+0000] {logging_mixin.py:188} INFO - [2024-01-31T20:23:23.113+0000] {dag.py:3823} INFO - Setting next_dagrun for a_wine_data_bigquery2 to None, run_after=None
[2024-01-31T20:23:23.139+0000] {processor.py:183} INFO - Processing /opt/airflow/dags/gbc_wines.py took 0.124 seconds
[2024-01-31T20:23:53.476+0000] {processor.py:161} INFO - Started process (PID=1529) to work on /opt/airflow/dags/gbc_wines.py
[2024-01-31T20:23:53.478+0000] {processor.py:830} INFO - Processing file /opt/airflow/dags/gbc_wines.py for tasks to queue
[2024-01-31T20:23:53.479+0000] {logging_mixin.py:188} INFO - [2024-01-31T20:23:53.479+0000] {dagbag.py:538} INFO - Filling up the DagBag from /opt/airflow/dags/gbc_wines.py
[2024-01-31T20:23:53.514+0000] {processor.py:840} INFO - DAG(s) 'a_wine_data_bigquery2' retrieved from /opt/airflow/dags/gbc_wines.py
[2024-01-31T20:23:53.553+0000] {logging_mixin.py:188} INFO - [2024-01-31T20:23:53.553+0000] {dag.py:3036} INFO - Sync 1 DAGs
[2024-01-31T20:23:53.574+0000] {logging_mixin.py:188} INFO - [2024-01-31T20:23:53.574+0000] {dag.py:3823} INFO - Setting next_dagrun for a_wine_data_bigquery2 to None, run_after=None
[2024-01-31T20:23:53.601+0000] {processor.py:183} INFO - Processing /opt/airflow/dags/gbc_wines.py took 0.131 seconds
[2024-01-31T20:24:23.934+0000] {processor.py:161} INFO - Started process (PID=1555) to work on /opt/airflow/dags/gbc_wines.py
[2024-01-31T20:24:23.936+0000] {processor.py:830} INFO - Processing file /opt/airflow/dags/gbc_wines.py for tasks to queue
[2024-01-31T20:24:23.938+0000] {logging_mixin.py:188} INFO - [2024-01-31T20:24:23.937+0000] {dagbag.py:538} INFO - Filling up the DagBag from /opt/airflow/dags/gbc_wines.py
[2024-01-31T20:24:23.975+0000] {processor.py:840} INFO - DAG(s) 'a_wine_data_bigquery2' retrieved from /opt/airflow/dags/gbc_wines.py
[2024-01-31T20:24:24.021+0000] {logging_mixin.py:188} INFO - [2024-01-31T20:24:24.020+0000] {dag.py:3036} INFO - Sync 1 DAGs
[2024-01-31T20:24:24.045+0000] {logging_mixin.py:188} INFO - [2024-01-31T20:24:24.044+0000] {dag.py:3823} INFO - Setting next_dagrun for a_wine_data_bigquery2 to None, run_after=None
[2024-01-31T20:24:24.077+0000] {processor.py:183} INFO - Processing /opt/airflow/dags/gbc_wines.py took 0.150 seconds
[2024-01-31T20:24:54.751+0000] {processor.py:161} INFO - Started process (PID=1581) to work on /opt/airflow/dags/gbc_wines.py
[2024-01-31T20:24:54.754+0000] {processor.py:830} INFO - Processing file /opt/airflow/dags/gbc_wines.py for tasks to queue
[2024-01-31T20:24:54.758+0000] {logging_mixin.py:188} INFO - [2024-01-31T20:24:54.756+0000] {dagbag.py:538} INFO - Filling up the DagBag from /opt/airflow/dags/gbc_wines.py
[2024-01-31T20:24:54.812+0000] {processor.py:840} INFO - DAG(s) 'a_wine_data_bigquery2' retrieved from /opt/airflow/dags/gbc_wines.py
[2024-01-31T20:24:54.869+0000] {logging_mixin.py:188} INFO - [2024-01-31T20:24:54.868+0000] {dag.py:3036} INFO - Sync 1 DAGs
[2024-01-31T20:24:54.894+0000] {logging_mixin.py:188} INFO - [2024-01-31T20:24:54.893+0000] {dag.py:3823} INFO - Setting next_dagrun for a_wine_data_bigquery2 to None, run_after=None
[2024-01-31T20:24:54.934+0000] {processor.py:183} INFO - Processing /opt/airflow/dags/gbc_wines.py took 0.192 seconds
[2024-01-31T20:25:25.160+0000] {processor.py:161} INFO - Started process (PID=1607) to work on /opt/airflow/dags/gbc_wines.py
[2024-01-31T20:25:25.163+0000] {processor.py:830} INFO - Processing file /opt/airflow/dags/gbc_wines.py for tasks to queue
[2024-01-31T20:25:25.166+0000] {logging_mixin.py:188} INFO - [2024-01-31T20:25:25.164+0000] {dagbag.py:538} INFO - Filling up the DagBag from /opt/airflow/dags/gbc_wines.py
[2024-01-31T20:25:25.218+0000] {processor.py:840} INFO - DAG(s) 'a_wine_data_bigquery2' retrieved from /opt/airflow/dags/gbc_wines.py
[2024-01-31T20:25:25.281+0000] {logging_mixin.py:188} INFO - [2024-01-31T20:25:25.280+0000] {dag.py:3036} INFO - Sync 1 DAGs
[2024-01-31T20:25:25.312+0000] {logging_mixin.py:188} INFO - [2024-01-31T20:25:25.311+0000] {dag.py:3823} INFO - Setting next_dagrun for a_wine_data_bigquery2 to None, run_after=None
[2024-01-31T20:25:25.345+0000] {processor.py:183} INFO - Processing /opt/airflow/dags/gbc_wines.py took 0.195 seconds
[2024-01-31T20:25:55.746+0000] {processor.py:161} INFO - Started process (PID=1633) to work on /opt/airflow/dags/gbc_wines.py
[2024-01-31T20:25:55.750+0000] {processor.py:830} INFO - Processing file /opt/airflow/dags/gbc_wines.py for tasks to queue
[2024-01-31T20:25:55.753+0000] {logging_mixin.py:188} INFO - [2024-01-31T20:25:55.753+0000] {dagbag.py:538} INFO - Filling up the DagBag from /opt/airflow/dags/gbc_wines.py
[2024-01-31T20:25:55.797+0000] {processor.py:840} INFO - DAG(s) 'a_wine_data_bigquery2' retrieved from /opt/airflow/dags/gbc_wines.py
[2024-01-31T20:25:55.860+0000] {logging_mixin.py:188} INFO - [2024-01-31T20:25:55.860+0000] {dag.py:3036} INFO - Sync 1 DAGs
[2024-01-31T20:25:55.892+0000] {logging_mixin.py:188} INFO - [2024-01-31T20:25:55.892+0000] {dag.py:3823} INFO - Setting next_dagrun for a_wine_data_bigquery2 to None, run_after=None
[2024-01-31T20:25:55.941+0000] {processor.py:183} INFO - Processing /opt/airflow/dags/gbc_wines.py took 0.203 seconds
[2024-01-31T20:26:26.336+0000] {processor.py:161} INFO - Started process (PID=1659) to work on /opt/airflow/dags/gbc_wines.py
[2024-01-31T20:26:26.338+0000] {processor.py:830} INFO - Processing file /opt/airflow/dags/gbc_wines.py for tasks to queue
[2024-01-31T20:26:26.339+0000] {logging_mixin.py:188} INFO - [2024-01-31T20:26:26.339+0000] {dagbag.py:538} INFO - Filling up the DagBag from /opt/airflow/dags/gbc_wines.py
[2024-01-31T20:26:26.364+0000] {processor.py:840} INFO - DAG(s) 'a_wine_data_bigquery2' retrieved from /opt/airflow/dags/gbc_wines.py
[2024-01-31T20:26:26.400+0000] {logging_mixin.py:188} INFO - [2024-01-31T20:26:26.400+0000] {dag.py:3036} INFO - Sync 1 DAGs
[2024-01-31T20:26:26.418+0000] {logging_mixin.py:188} INFO - [2024-01-31T20:26:26.418+0000] {dag.py:3823} INFO - Setting next_dagrun for a_wine_data_bigquery2 to None, run_after=None
[2024-01-31T20:26:26.443+0000] {processor.py:183} INFO - Processing /opt/airflow/dags/gbc_wines.py took 0.113 seconds
[2024-01-31T20:26:56.873+0000] {processor.py:161} INFO - Started process (PID=1685) to work on /opt/airflow/dags/gbc_wines.py
[2024-01-31T20:26:56.876+0000] {processor.py:830} INFO - Processing file /opt/airflow/dags/gbc_wines.py for tasks to queue
[2024-01-31T20:26:56.879+0000] {logging_mixin.py:188} INFO - [2024-01-31T20:26:56.878+0000] {dagbag.py:538} INFO - Filling up the DagBag from /opt/airflow/dags/gbc_wines.py
[2024-01-31T20:26:56.922+0000] {processor.py:840} INFO - DAG(s) 'a_wine_data_bigquery2' retrieved from /opt/airflow/dags/gbc_wines.py
[2024-01-31T20:26:57.039+0000] {logging_mixin.py:188} INFO - [2024-01-31T20:26:57.038+0000] {dag.py:3036} INFO - Sync 1 DAGs
[2024-01-31T20:26:57.093+0000] {logging_mixin.py:188} INFO - [2024-01-31T20:26:57.093+0000] {dag.py:3823} INFO - Setting next_dagrun for a_wine_data_bigquery2 to None, run_after=None
[2024-01-31T20:26:57.168+0000] {processor.py:183} INFO - Processing /opt/airflow/dags/gbc_wines.py took 0.303 seconds
[2024-01-31T20:27:27.578+0000] {processor.py:161} INFO - Started process (PID=1718) to work on /opt/airflow/dags/gbc_wines.py
[2024-01-31T20:27:27.579+0000] {processor.py:830} INFO - Processing file /opt/airflow/dags/gbc_wines.py for tasks to queue
[2024-01-31T20:27:27.584+0000] {logging_mixin.py:188} INFO - [2024-01-31T20:27:27.584+0000] {dagbag.py:538} INFO - Filling up the DagBag from /opt/airflow/dags/gbc_wines.py
[2024-01-31T20:27:27.615+0000] {processor.py:840} INFO - DAG(s) 'a_wine_data_bigquery2' retrieved from /opt/airflow/dags/gbc_wines.py
[2024-01-31T20:27:27.666+0000] {logging_mixin.py:188} INFO - [2024-01-31T20:27:27.666+0000] {dag.py:3036} INFO - Sync 1 DAGs
[2024-01-31T20:27:27.688+0000] {logging_mixin.py:188} INFO - [2024-01-31T20:27:27.687+0000] {dag.py:3823} INFO - Setting next_dagrun for a_wine_data_bigquery2 to None, run_after=None
[2024-01-31T20:27:27.721+0000] {processor.py:183} INFO - Processing /opt/airflow/dags/gbc_wines.py took 0.149 seconds
[2024-01-31T20:27:58.161+0000] {processor.py:161} INFO - Started process (PID=1744) to work on /opt/airflow/dags/gbc_wines.py
[2024-01-31T20:27:58.172+0000] {processor.py:830} INFO - Processing file /opt/airflow/dags/gbc_wines.py for tasks to queue
[2024-01-31T20:27:58.176+0000] {logging_mixin.py:188} INFO - [2024-01-31T20:27:58.175+0000] {dagbag.py:538} INFO - Filling up the DagBag from /opt/airflow/dags/gbc_wines.py
[2024-01-31T20:27:58.246+0000] {processor.py:840} INFO - DAG(s) 'a_wine_data_bigquery2' retrieved from /opt/airflow/dags/gbc_wines.py
[2024-01-31T20:27:58.323+0000] {logging_mixin.py:188} INFO - [2024-01-31T20:27:58.323+0000] {dag.py:3036} INFO - Sync 1 DAGs
[2024-01-31T20:27:58.358+0000] {logging_mixin.py:188} INFO - [2024-01-31T20:27:58.356+0000] {dag.py:3823} INFO - Setting next_dagrun for a_wine_data_bigquery2 to None, run_after=None
[2024-01-31T20:27:58.405+0000] {processor.py:183} INFO - Processing /opt/airflow/dags/gbc_wines.py took 0.256 seconds
[2024-01-31T20:28:28.551+0000] {processor.py:161} INFO - Started process (PID=1770) to work on /opt/airflow/dags/gbc_wines.py
[2024-01-31T20:28:28.553+0000] {processor.py:830} INFO - Processing file /opt/airflow/dags/gbc_wines.py for tasks to queue
[2024-01-31T20:28:28.555+0000] {logging_mixin.py:188} INFO - [2024-01-31T20:28:28.554+0000] {dagbag.py:538} INFO - Filling up the DagBag from /opt/airflow/dags/gbc_wines.py
[2024-01-31T20:28:28.581+0000] {processor.py:840} INFO - DAG(s) 'a_wine_data_bigquery2' retrieved from /opt/airflow/dags/gbc_wines.py
[2024-01-31T20:28:28.617+0000] {logging_mixin.py:188} INFO - [2024-01-31T20:28:28.616+0000] {dag.py:3036} INFO - Sync 1 DAGs
[2024-01-31T20:28:28.633+0000] {logging_mixin.py:188} INFO - [2024-01-31T20:28:28.632+0000] {dag.py:3823} INFO - Setting next_dagrun for a_wine_data_bigquery2 to None, run_after=None
[2024-01-31T20:28:28.656+0000] {processor.py:183} INFO - Processing /opt/airflow/dags/gbc_wines.py took 0.111 seconds
[2024-01-31T20:28:58.981+0000] {processor.py:161} INFO - Started process (PID=1797) to work on /opt/airflow/dags/gbc_wines.py
[2024-01-31T20:28:58.983+0000] {processor.py:830} INFO - Processing file /opt/airflow/dags/gbc_wines.py for tasks to queue
[2024-01-31T20:28:58.985+0000] {logging_mixin.py:188} INFO - [2024-01-31T20:28:58.984+0000] {dagbag.py:538} INFO - Filling up the DagBag from /opt/airflow/dags/gbc_wines.py
[2024-01-31T20:28:59.027+0000] {processor.py:840} INFO - DAG(s) 'a_wine_data_bigquery2' retrieved from /opt/airflow/dags/gbc_wines.py
[2024-01-31T20:28:59.077+0000] {logging_mixin.py:188} INFO - [2024-01-31T20:28:59.077+0000] {dag.py:3036} INFO - Sync 1 DAGs
[2024-01-31T20:28:59.101+0000] {logging_mixin.py:188} INFO - [2024-01-31T20:28:59.101+0000] {dag.py:3823} INFO - Setting next_dagrun for a_wine_data_bigquery2 to None, run_after=None
[2024-01-31T20:28:59.128+0000] {processor.py:183} INFO - Processing /opt/airflow/dags/gbc_wines.py took 0.155 seconds
[2024-01-31T20:29:29.482+0000] {processor.py:161} INFO - Started process (PID=1823) to work on /opt/airflow/dags/gbc_wines.py
[2024-01-31T20:29:29.483+0000] {processor.py:830} INFO - Processing file /opt/airflow/dags/gbc_wines.py for tasks to queue
[2024-01-31T20:29:29.485+0000] {logging_mixin.py:188} INFO - [2024-01-31T20:29:29.484+0000] {dagbag.py:538} INFO - Filling up the DagBag from /opt/airflow/dags/gbc_wines.py
[2024-01-31T20:29:29.505+0000] {processor.py:840} INFO - DAG(s) 'a_wine_data_bigquery2' retrieved from /opt/airflow/dags/gbc_wines.py
[2024-01-31T20:29:29.535+0000] {logging_mixin.py:188} INFO - [2024-01-31T20:29:29.535+0000] {dag.py:3036} INFO - Sync 1 DAGs
[2024-01-31T20:29:29.549+0000] {logging_mixin.py:188} INFO - [2024-01-31T20:29:29.549+0000] {dag.py:3823} INFO - Setting next_dagrun for a_wine_data_bigquery2 to None, run_after=None
[2024-01-31T20:29:29.573+0000] {processor.py:183} INFO - Processing /opt/airflow/dags/gbc_wines.py took 0.096 seconds
[2024-01-31T20:29:59.904+0000] {processor.py:161} INFO - Started process (PID=1849) to work on /opt/airflow/dags/gbc_wines.py
[2024-01-31T20:29:59.906+0000] {processor.py:830} INFO - Processing file /opt/airflow/dags/gbc_wines.py for tasks to queue
[2024-01-31T20:29:59.908+0000] {logging_mixin.py:188} INFO - [2024-01-31T20:29:59.908+0000] {dagbag.py:538} INFO - Filling up the DagBag from /opt/airflow/dags/gbc_wines.py
[2024-01-31T20:29:59.960+0000] {processor.py:840} INFO - DAG(s) 'a_wine_data_bigquery2' retrieved from /opt/airflow/dags/gbc_wines.py
[2024-01-31T20:30:00.006+0000] {logging_mixin.py:188} INFO - [2024-01-31T20:30:00.005+0000] {dag.py:3036} INFO - Sync 1 DAGs
[2024-01-31T20:30:00.025+0000] {logging_mixin.py:188} INFO - [2024-01-31T20:30:00.025+0000] {dag.py:3823} INFO - Setting next_dagrun for a_wine_data_bigquery2 to None, run_after=None
[2024-01-31T20:30:00.051+0000] {processor.py:183} INFO - Processing /opt/airflow/dags/gbc_wines.py took 0.153 seconds
[2024-01-31T20:30:30.627+0000] {processor.py:161} INFO - Started process (PID=1881) to work on /opt/airflow/dags/gbc_wines.py
[2024-01-31T20:30:30.634+0000] {processor.py:830} INFO - Processing file /opt/airflow/dags/gbc_wines.py for tasks to queue
[2024-01-31T20:30:30.649+0000] {logging_mixin.py:188} INFO - [2024-01-31T20:30:30.638+0000] {dagbag.py:538} INFO - Filling up the DagBag from /opt/airflow/dags/gbc_wines.py
[2024-01-31T20:30:30.891+0000] {processor.py:840} INFO - DAG(s) 'a_wine_data_bigquery2' retrieved from /opt/airflow/dags/gbc_wines.py
[2024-01-31T20:30:31.318+0000] {logging_mixin.py:188} INFO - [2024-01-31T20:30:31.317+0000] {dag.py:3036} INFO - Sync 1 DAGs
[2024-01-31T20:30:31.422+0000] {logging_mixin.py:188} INFO - [2024-01-31T20:30:31.421+0000] {dag.py:3823} INFO - Setting next_dagrun for a_wine_data_bigquery2 to None, run_after=None
[2024-01-31T20:30:31.499+0000] {processor.py:183} INFO - Processing /opt/airflow/dags/gbc_wines.py took 0.880 seconds
[2024-01-31T20:39:25.155+0000] {processor.py:161} INFO - Started process (PID=178) to work on /opt/airflow/dags/gbc_wines.py
[2024-01-31T20:39:25.157+0000] {processor.py:830} INFO - Processing file /opt/airflow/dags/gbc_wines.py for tasks to queue
[2024-01-31T20:39:25.162+0000] {logging_mixin.py:188} INFO - [2024-01-31T20:39:25.161+0000] {dagbag.py:538} INFO - Filling up the DagBag from /opt/airflow/dags/gbc_wines.py
[2024-01-31T20:39:25.196+0000] {processor.py:840} INFO - DAG(s) 'a_wine_data_bigquery2' retrieved from /opt/airflow/dags/gbc_wines.py
[2024-01-31T20:39:25.249+0000] {logging_mixin.py:188} INFO - [2024-01-31T20:39:25.248+0000] {dag.py:3036} INFO - Sync 1 DAGs
[2024-01-31T20:39:25.270+0000] {logging_mixin.py:188} INFO - [2024-01-31T20:39:25.270+0000] {dag.py:3823} INFO - Setting next_dagrun for a_wine_data_bigquery2 to None, run_after=None
[2024-01-31T20:39:25.306+0000] {processor.py:183} INFO - Processing /opt/airflow/dags/gbc_wines.py took 0.159 seconds
