[2024-01-31T21:52:04.306+0000] {taskinstance.py:1956} INFO - Dependencies all met for dep_context=non-requeueable deps ti=<TaskInstance: big_query_dashboard_final.create_dataset manual__2024-01-31T21:51:55.268165+00:00 [queued]>
[2024-01-31T21:52:04.328+0000] {taskinstance.py:1956} INFO - Dependencies all met for dep_context=requeueable deps ti=<TaskInstance: big_query_dashboard_final.create_dataset manual__2024-01-31T21:51:55.268165+00:00 [queued]>
[2024-01-31T21:52:04.330+0000] {taskinstance.py:2170} INFO - Starting attempt 1 of 1
[2024-01-31T21:52:04.356+0000] {taskinstance.py:2191} INFO - Executing <Task(BigQueryCreateEmptyDatasetOperator): create_dataset> on 2024-01-31 21:51:55.268165+00:00
[2024-01-31T21:52:04.367+0000] {standard_task_runner.py:60} INFO - Started process 1109 to run task
[2024-01-31T21:52:04.374+0000] {standard_task_runner.py:87} INFO - Running: ['***', 'tasks', 'run', 'big_query_dashboard_final', 'create_dataset', 'manual__2024-01-31T21:51:55.268165+00:00', '--job-id', '584', '--raw', '--subdir', 'DAGS_FOLDER/Main_DAGS.py', '--cfg-path', '/tmp/tmp_pxpx2yt']
[2024-01-31T21:52:04.378+0000] {standard_task_runner.py:88} INFO - Job 584: Subtask create_dataset
[2024-01-31T21:52:04.417+0000] {logging_mixin.py:188} WARNING - /home/***/.local/lib/python3.8/site-packages/***/settings.py:194 DeprecationWarning: The sql_alchemy_conn option in [core] has been moved to the sql_alchemy_conn option in [database] - the old setting has been used, but please update your config.
[2024-01-31T21:52:04.477+0000] {task_command.py:423} INFO - Running <TaskInstance: big_query_dashboard_final.create_dataset manual__2024-01-31T21:51:55.268165+00:00 [running]> on host e7e4b550b444
[2024-01-31T21:52:04.638+0000] {taskinstance.py:2480} INFO - Exporting env vars: AIRFLOW_CTX_DAG_OWNER='***' AIRFLOW_CTX_DAG_ID='big_query_dashboard_final' AIRFLOW_CTX_TASK_ID='create_dataset' AIRFLOW_CTX_EXECUTION_DATE='2024-01-31T21:51:55.268165+00:00' AIRFLOW_CTX_TRY_NUMBER='1' AIRFLOW_CTX_DAG_RUN_ID='manual__2024-01-31T21:51:55.268165+00:00'
[2024-01-31T21:52:04.648+0000] {crypto.py:82} WARNING - empty cryptography key - values will not be stored encrypted.
[2024-01-31T21:52:04.651+0000] {connection.py:234} WARNING - Connection schemes (type: google_cloud_platform) shall not contain '_' according to RFC3986.
[2024-01-31T21:52:04.655+0000] {base.py:83} INFO - Using connection ID 'google_cloud_default' for task execution.
[2024-01-31T21:52:04.760+0000] {bigquery.py:469} INFO - datasetId was not specified in `dataset_reference`. Will use default value dashboard_dataset.
[2024-01-31T21:52:04.761+0000] {bigquery.py:469} INFO - projectId was not specified in `dataset_reference`. Will use default value wine-de-dashboard.
[2024-01-31T21:52:04.761+0000] {bigquery.py:480} INFO - Creating dataset: dashboard_dataset in project: wine-de-dashboard 
[2024-01-31T21:52:05.409+0000] {bigquery.py:2040} INFO - Dataset dashboard_dataset already exists.
[2024-01-31T21:52:05.466+0000] {taskinstance.py:1138} INFO - Marking task as SUCCESS. dag_id=big_query_dashboard_final, task_id=create_dataset, execution_date=20240131T215155, start_date=20240131T215204, end_date=20240131T215205
[2024-01-31T21:52:05.538+0000] {local_task_job_runner.py:234} INFO - Task exited with return code 0
[2024-01-31T21:52:05.590+0000] {taskinstance.py:3280} INFO - 5 downstream tasks scheduled from follow-on schedule check
