[2024-01-31T20:10:56.484+0000] {taskinstance.py:1956} INFO - Dependencies all met for dep_context=non-requeueable deps ti=<TaskInstance: cleaning_data_final.create_joined_table_db manual__2024-01-31T20:10:21.949333+00:00 [queued]>
[2024-01-31T20:10:56.500+0000] {taskinstance.py:1956} INFO - Dependencies all met for dep_context=requeueable deps ti=<TaskInstance: cleaning_data_final.create_joined_table_db manual__2024-01-31T20:10:21.949333+00:00 [queued]>
[2024-01-31T20:10:56.501+0000] {taskinstance.py:2170} INFO - Starting attempt 1 of 1
[2024-01-31T20:10:56.525+0000] {taskinstance.py:2191} INFO - Executing <Task(PythonOperator): create_joined_table_db> on 2024-01-31 20:10:21.949333+00:00
[2024-01-31T20:10:56.534+0000] {standard_task_runner.py:60} INFO - Started process 774 to run task
[2024-01-31T20:10:56.538+0000] {standard_task_runner.py:87} INFO - Running: ['***', 'tasks', 'run', 'cleaning_data_final', 'create_joined_table_db', 'manual__2024-01-31T20:10:21.949333+00:00', '--job-id', '456', '--raw', '--subdir', 'DAGS_FOLDER/Main_DAGS.py', '--cfg-path', '/tmp/tmpmy7w6fcv']
[2024-01-31T20:10:56.542+0000] {standard_task_runner.py:88} INFO - Job 456: Subtask create_joined_table_db
[2024-01-31T20:10:56.567+0000] {logging_mixin.py:188} WARNING - /home/***/.local/lib/python3.8/site-packages/***/settings.py:194 DeprecationWarning: The sql_alchemy_conn option in [core] has been moved to the sql_alchemy_conn option in [database] - the old setting has been used, but please update your config.
[2024-01-31T20:10:56.613+0000] {task_command.py:423} INFO - Running <TaskInstance: cleaning_data_final.create_joined_table_db manual__2024-01-31T20:10:21.949333+00:00 [running]> on host e7e4b550b444
[2024-01-31T20:10:56.732+0000] {taskinstance.py:2480} INFO - Exporting env vars: AIRFLOW_CTX_DAG_OWNER='***' AIRFLOW_CTX_DAG_ID='cleaning_data_final' AIRFLOW_CTX_TASK_ID='create_joined_table_db' AIRFLOW_CTX_EXECUTION_DATE='2024-01-31T20:10:21.949333+00:00' AIRFLOW_CTX_TRY_NUMBER='1' AIRFLOW_CTX_DAG_RUN_ID='manual__2024-01-31T20:10:21.949333+00:00'
[2024-01-31T20:10:56.868+0000] {python.py:201} INFO - Done. Returned value was:       WineID  RegionID  WineryID  HarmonizeID
0     100001      1001     10001      1000001
1     100001      1001     10001      1000002
2     100001      1001     10001      1000003
3     100002      1001     10001      1000004
4     100002      1001     10001      1000005
...      ...       ...       ...          ...
4192  200139      2490     69643      1000004
4193  200139      2490     69643      1000010
4194  200139      2490     69643      1000017
4195  200139      2490     69643      1000018
4196  200139      2490     69643      1000019

[4197 rows x 4 columns]
[2024-01-31T20:10:56.935+0000] {taskinstance.py:1138} INFO - Marking task as SUCCESS. dag_id=cleaning_data_final, task_id=create_joined_table_db, execution_date=20240131T201021, start_date=20240131T201056, end_date=20240131T201056
[2024-01-31T20:10:56.967+0000] {local_task_job_runner.py:234} INFO - Task exited with return code 0
[2024-01-31T20:10:57.017+0000] {taskinstance.py:3280} INFO - 1 downstream tasks scheduled from follow-on schedule check
