[2024-01-31T20:11:03.333+0000] {taskinstance.py:1956} INFO - Dependencies all met for dep_context=non-requeueable deps ti=<TaskInstance: cleaning_data_final.create_wineries_db manual__2024-01-31T20:10:21.949333+00:00 [queued]>
[2024-01-31T20:11:03.353+0000] {taskinstance.py:1956} INFO - Dependencies all met for dep_context=requeueable deps ti=<TaskInstance: cleaning_data_final.create_wineries_db manual__2024-01-31T20:10:21.949333+00:00 [queued]>
[2024-01-31T20:11:03.355+0000] {taskinstance.py:2170} INFO - Starting attempt 1 of 1
[2024-01-31T20:11:03.398+0000] {taskinstance.py:2191} INFO - Executing <Task(PythonOperator): create_wineries_db> on 2024-01-31 20:10:21.949333+00:00
[2024-01-31T20:11:03.414+0000] {standard_task_runner.py:60} INFO - Started process 817 to run task
[2024-01-31T20:11:03.435+0000] {standard_task_runner.py:87} INFO - Running: ['***', 'tasks', 'run', 'cleaning_data_final', 'create_wineries_db', 'manual__2024-01-31T20:10:21.949333+00:00', '--job-id', '458', '--raw', '--subdir', 'DAGS_FOLDER/Main_DAGS.py', '--cfg-path', '/tmp/tmprs5gay9p']
[2024-01-31T20:11:03.465+0000] {standard_task_runner.py:88} INFO - Job 458: Subtask create_wineries_db
[2024-01-31T20:11:03.527+0000] {logging_mixin.py:188} WARNING - /home/***/.local/lib/python3.8/site-packages/***/settings.py:194 DeprecationWarning: The sql_alchemy_conn option in [core] has been moved to the sql_alchemy_conn option in [database] - the old setting has been used, but please update your config.
[2024-01-31T20:11:03.613+0000] {task_command.py:423} INFO - Running <TaskInstance: cleaning_data_final.create_wineries_db manual__2024-01-31T20:10:21.949333+00:00 [running]> on host e7e4b550b444
[2024-01-31T20:11:03.847+0000] {taskinstance.py:2480} INFO - Exporting env vars: AIRFLOW_CTX_DAG_OWNER='***' AIRFLOW_CTX_DAG_ID='cleaning_data_final' AIRFLOW_CTX_TASK_ID='create_wineries_db' AIRFLOW_CTX_EXECUTION_DATE='2024-01-31T20:10:21.949333+00:00' AIRFLOW_CTX_TRY_NUMBER='1' AIRFLOW_CTX_DAG_RUN_ID='manual__2024-01-31T20:10:21.949333+00:00'
[2024-01-31T20:11:03.995+0000] {python.py:201} INFO - Done. Returned value was:      WineryID           WineryName
0       10001          Casa Perini
1       10002         Castellamare
2       10000               Aurora
3       10012           Dal Pizzol
4       10011               Salton
..        ...                  ...
787     66662      Niklaus Wittwer
788     62148          Hundsdorfer
789     62556       Muster-Gamlitz
790     62656        Josef Fischer
791     69643  Bridge Pa Vineyards

[792 rows x 2 columns]
[2024-01-31T20:11:04.076+0000] {taskinstance.py:1138} INFO - Marking task as SUCCESS. dag_id=cleaning_data_final, task_id=create_wineries_db, execution_date=20240131T201021, start_date=20240131T201103, end_date=20240131T201104
[2024-01-31T20:11:04.161+0000] {local_task_job_runner.py:234} INFO - Task exited with return code 0
[2024-01-31T20:11:04.227+0000] {taskinstance.py:3280} INFO - 1 downstream tasks scheduled from follow-on schedule check
